Command line:
   Fetch_Unit_4sim_isim_beh.exe
     -simmode  gui
     -simrunnum  0
     -socket  54725

Mon May 04 20:15:45 2015


 Elaboration Time: 0.078125 sec

 Current Memory Usage: 361.222 Meg

 Total Signals          : 44
 Total Nets             : 1031
 Total Signal Drivers   : 40
 Total Blocks           : 4
 Total Primitive Blocks : 4
 Total Processes        : 40
 Total Traceable Variables  : 10
 Total Scalar Nets and Variables : 1409
Total Line Count : 58

 Total Simulation Time: 0.109375 sec

 Current Memory Usage: 361.222 Meg

Mon May 04 20:15:53 2015

