Running: fuse.exe -relaunch -intstyle "ise" -incremental -o "C:/Users/Dor/Dropbox/IDC/Build Your Own Computer/Projects/Mips-Pipelined-processor/GPR and ALU/GPR_FILE/GPR_FILE_SIM/GPR_TB_isim_beh.exe" -prj "C:/Users/Dor/Dropbox/IDC/Build Your Own Computer/Projects/Mips-Pipelined-processor/GPR and ALU/GPR_FILE/GPR_FILE_SIM/GPR_TB_beh.prj" "work.GPR_TB" 
ISim P.20131013 (signature 0x7708f090)
Number of CPUs detected in this system: 4
Turning on mult-threading, number of parallel sub-compilation jobs: 8 
Determining compilation order of HDL files
Parsing VHDL file "C:/Users/Dor/Dropbox/IDC/Build Your Own Computer/Projects/Mips-Pipelined-processor/GPR and ALU/GPR_FILE/GPR_FILE_SIM/../GPR_FILE_src/dual_port_memory-empty.vhd" into library work
Parsing VHDL file "C:/Users/Dor/Dropbox/IDC/Build Your Own Computer/Projects/Mips-Pipelined-processor/GPR and ALU/GPR_FILE/GPR_FILE_SIM/../GPR_FILE_src/GPR-empty.vhd" into library work
Parsing VHDL file "C:/Users/Dor/Dropbox/IDC/Build Your Own Computer/Projects/Mips-Pipelined-processor/GPR and ALU/GPR_FILE/GPR_FILE_SIM/../GPR_FILE_src/GPR_TB.vhd" into library work
Starting static elaboration
Completed static elaboration
Compiling package standard
Compiling package std_logic_1164
Compiling package std_logic_arith
Compiling package std_logic_unsigned
Compiling package textio
Compiling package numeric_std
Compiling architecture dual_port_memory of entity dual_port_memory_no_CK_read [\dual_port_memory_no_CK_read(32,...]
Compiling architecture behavioral of entity GPR [gpr_default]
WARNING:HDLCompiler:1242 - "N:/P.20131013/rtf/vhdl/src/ieee/std_logic_arith.vhd" Line 2278: Warning: "There is an 'U'|'X'|'W'|'Z'|'-' in an arithmetic operand, the result will be 'X'(es)."
WARNING:HDLCompiler:1242 - "N:/P.20131013/rtf/vhdl/src/ieee/std_logic_arith.vhd" Line 2281: Warning: "CONV_INTEGER: There is an 'U'|'X'|'W'|'Z'|'-' in an arithmetic operand, and it has been converted to 0."
Compiling architecture testing of entity gpr_tb
Time Resolution for simulation is 1ps.
Waiting for 1 sub-compilation(s) to finish...
Compiled 11 VHDL Units
Built simulation executable C:/Users/Dor/Dropbox/IDC/Build Your Own Computer/Projects/Mips-Pipelined-processor/GPR and ALU/GPR_FILE/GPR_FILE_SIM/GPR_TB_isim_beh.exe
Fuse Memory Usage: 36756 KB
Fuse CPU Usage: 1060 ms
