ISim log file
Running: C:\Users\Dor\Dropbox\IDC\Build Your Own Computer\Projects\Mips-Pipelined-processor\GPR and ALU\GPR_FILE\GPR_FILE_SIM\GPR_TB_isim_beh.exe -intstyle ise -gui -tclbatch isim.cmd -wdb C:/Users/Dor/Dropbox/IDC/Build Your Own Computer/Projects/Mips-Pipelined-processor/GPR and ALU/GPR_FILE/GPR_FILE_SIM/GPR_TB_isim_beh.wdb 
ISim P.20131013 (signature 0x7708f090)
WARNING: A WEBPACK license was found.
WARNING: Please use Xilinx License Configuration Manager to check out a full ISim license.
WARNING: ISim will run in Lite mode. Please refer to the ISim documentation for more information on the differences between the Lite and the Full version.
This is a Lite version of ISim.
Time resolution is 1 ps
# onerror resume
# wave add /
# run 1000 ns
Simulator is doing circuit initialization process.
at 0 ps: Note: ================== Start checking signals ====================================== (/gpr_tb/).
at 0 ps, Instance /gpr_tb/GPR_under_test/ : Warning: There is an 'U'|'X'|'W'|'Z'|'-' in an arithmetic operand, the result will be 'X'(es).
at 0 ps, Instance /gpr_tb/GPR_under_test/ : Warning: CONV_INTEGER: There is an 'U'|'X'|'W'|'Z'|'-' in an arithmetic operand, and it has been converted to 0.
at 0 ps, Instance /gpr_tb/GPR_under_test/ : Warning: CONV_INTEGER: There is an 'U'|'X'|'W'|'Z'|'-' in an arithmetic operand, and it has been converted to 0.
at 0 ps, Instance /gpr_tb/GPR_under_test/ : Warning: CONV_INTEGER: There is an 'U'|'X'|'W'|'Z'|'-' in an arithmetic operand, and it has been converted to 0.
Finished circuit initialization process.
# run 1200ns
at 1100 ns(1): Note: ============ Test pass!! =============== (/gpr_tb/).
# restart
# run all
Simulator is doing circuit initialization process.
at 0 ps: Note: ================== Start checking signals ====================================== (/gpr_tb/).
at 0 ps, Instance /gpr_tb/GPR_under_test/ : Warning: CONV_INTEGER: There is an 'U'|'X'|'W'|'Z'|'-' in an arithmetic operand, and it has been converted to 0.
at 0 ps, Instance /gpr_tb/GPR_under_test/ : Warning: CONV_INTEGER: There is an 'U'|'X'|'W'|'Z'|'-' in an arithmetic operand, and it has been converted to 0.
at 0 ps, Instance /gpr_tb/GPR_under_test/ : Warning: CONV_INTEGER: There is an 'U'|'X'|'W'|'Z'|'-' in an arithmetic operand, and it has been converted to 0.
Finished circuit initialization process.
at 1100 ns(1): Note: ============ Test pass!! =============== (/gpr_tb/).
Stopped at time : 3651219400 ns : File "C:/Users/Dor/Dropbox/IDC/Build Your Own Computer/Projects/Mips-Pipelined-processor/GPR and ALU/GPR_FILE/GPR_FILE_src/dual_port_memory-empty.vhd" Line 39
# run all
Stopped at time : 3712422 us : File "C:/Users/Dor/Dropbox/IDC/Build Your Own Computer/Projects/Mips-Pipelined-processor/GPR and ALU/GPR_FILE/GPR_FILE_src/dual_port_memory-empty.vhd" Line 40
# run 1.00us
ISim P.20131013 (signature 0x7708f090)
WARNING: A WEBPACK license was found.
WARNING: Please use Xilinx License Configuration Manager to check out a full ISim license.
WARNING: ISim will run in Lite mode. Please refer to the ISim documentation for more information on the differences between the Lite and the Full version.
This is a Lite version of ISim.
# run 1000 ns
Simulator is doing circuit initialization process.
at 0 ps: Note: ================== Start checking signals ====================================== (/gpr_tb/).
at 0 ps, Instance /gpr_tb/GPR_under_test/ : Warning: There is an 'U'|'X'|'W'|'Z'|'-' in an arithmetic operand, the result will be 'X'(es).
at 0 ps, Instance /gpr_tb/GPR_under_test/ : Warning: CONV_INTEGER: There is an 'U'|'X'|'W'|'Z'|'-' in an arithmetic operand, and it has been converted to 0.
at 0 ps, Instance /gpr_tb/GPR_under_test/ : Warning: CONV_INTEGER: There is an 'U'|'X'|'W'|'Z'|'-' in an arithmetic operand, and it has been converted to 0.
at 0 ps, Instance /gpr_tb/GPR_under_test/ : Warning: CONV_INTEGER: There is an 'U'|'X'|'W'|'Z'|'-' in an arithmetic operand, and it has been converted to 0.
Finished circuit initialization process.
# run 1100ns
at 1100 ns(1): Note: ============ Test pass!! =============== (/gpr_tb/).
