Running: C:\Xilinx\14.7\ISE_DS\ISE\bin\nt64\unwrapped\fuse.exe -intstyle ise -incremental -o C:/Users/Dor/Dropbox/IDC/Build Your Own Computer/Projects/Mips-Pipelined-processor/RType MIPS CPU/Simulation/Sim/HW4_TB_isim_beh.exe -prj C:/Users/Dor/Dropbox/IDC/Build Your Own Computer/Projects/Mips-Pipelined-processor/RType MIPS CPU/Simulation/Sim/HW4_TB_beh.prj work.HW4_TB 
ISim P.20131013 (signature 0x7708f090)
Number of CPUs detected in this system: 4
Turning on mult-threading, number of parallel sub-compilation jobs: 8 
Determining compilation order of HDL files
Parsing VHDL file "C:/Users/Dor/Dropbox/IDC/Build Your Own Computer/Projects/Mips-Pipelined-processor/RType MIPS CPU/Simulation/Sim/../Src_4sim/dual_port_memory-empty.vhd" into library work
Parsing VHDL file "C:/Users/Dor/Dropbox/IDC/Build Your Own Computer/Projects/Mips-Pipelined-processor/RType MIPS CPU/Simulation/Sim/../Src_4sim/MIPS_ALU-empty.vhd" into library work
Parsing VHDL file "C:/Users/Dor/Dropbox/IDC/Build Your Own Computer/Projects/Mips-Pipelined-processor/RType MIPS CPU/Simulation/Sim/../Src_4sim/HW4_Host_Intf_4sim_for_students.vhd" into library work
Parsing VHDL file "C:/Users/Dor/Dropbox/IDC/Build Your Own Computer/Projects/Mips-Pipelined-processor/RType MIPS CPU/Simulation/Sim/../Src_4sim/GPR-empty.vhd" into library work
Parsing VHDL file "C:/Users/Dor/Dropbox/IDC/Build Your Own Computer/Projects/Mips-Pipelined-processor/RType MIPS CPU/Simulation/Sim/../Src_4sim/Fetch_Unit-empty.vhd" into library work
Parsing VHDL file "C:/Users/Dor/Dropbox/IDC/Build Your Own Computer/Projects/Mips-Pipelined-processor/RType MIPS CPU/Simulation/Sim/../Src_4sim/Clock_driver_for_sim.vhd" into library work
Parsing VHDL file "C:/Users/Dor/Dropbox/IDC/Build Your Own Computer/Projects/Mips-Pipelined-processor/RType MIPS CPU/Simulation/Sim/../Src_4sim/HW4_MIPS_4sim-empty.vhd" into library work
Parsing VHDL file "C:/Users/Dor/Dropbox/IDC/Build Your Own Computer/Projects/Mips-Pipelined-processor/RType MIPS CPU/Simulation/Sim/../Src_4sim/HW4_TB_for_students.vhd" into library work
Starting static elaboration
WARNING:HDLCompiler:794 - "C:/Users/Dor/Dropbox/IDC/Build Your Own Computer/Projects/Mips-Pipelined-processor/RType MIPS CPU/Simulation/Sim/../Src_4sim/Fetch_Unit-empty.vhd" Line 126: Statement might not cover all choices ; 'others' clause recommended
WARNING:HDLCompiler:794 - "C:/Users/Dor/Dropbox/IDC/Build Your Own Computer/Projects/Mips-Pipelined-processor/RType MIPS CPU/Simulation/Sim/../Src_4sim/Fetch_Unit-empty.vhd" Line 144: Statement might not cover all choices ; 'others' clause recommended
Completed static elaboration
Compiling package standard
Compiling package std_logic_1164
Compiling package std_logic_arith
Compiling package std_logic_unsigned
Compiling package textio
Compiling package numeric_std
Compiling architecture behavioral of entity Fetch_Unit [fetch_unit_default]
Compiling architecture dual_port_memory of entity dual_port_memory_no_CK_read [\dual_port_memory_no_CK_read(32,...]
Compiling architecture behavioral of entity GPR [gpr_default]
WARNING:HDLCompiler:1242 - "N:/P.20131013/rtf/vhdl/src/ieee/std_logic_arith.vhd" Line 2278: Warning: "There is an 'U'|'X'|'W'|'Z'|'-' in an arithmetic operand, the result will be 'X'(es)."
WARNING:HDLCompiler:1242 - "N:/P.20131013/rtf/vhdl/src/ieee/std_logic_arith.vhd" Line 2281: Warning: "CONV_INTEGER: There is an 'U'|'X'|'W'|'Z'|'-' in an arithmetic operand, and it has been converted to 0."
Compiling architecture behavioral of entity MIPS_ALU [mips_alu_default]
Compiling architecture clock_divider of entity Clock_Driver [clock_driver_default]
Compiling architecture behavioral of entity HW4_Host_Intf_4sim [hw4_host_intf_4sim_default]
Compiling architecture behavioral of entity HW4_MIPS_4sim [hw4_mips_4sim_default]
Compiling architecture testing of entity hw4_tb
Time Resolution for simulation is 1ps.
Waiting for 1 sub-compilation(s) to finish...
Compiled 21 VHDL Units
Built simulation executable C:/Users/Dor/Dropbox/IDC/Build Your Own Computer/Projects/Mips-Pipelined-processor/RType MIPS CPU/Simulation/Sim/HW4_TB_isim_beh.exe
Fuse Memory Usage: 37280 KB
Fuse CPU Usage: 1232 ms
