ISim log file
Running: C:\Users\Dor\Dropbox\IDC\Build Your Own Computer\Projects\Mips-Pipelined-processor\RType MIPS CPU\Simulation\Sim\HW4_TB_isim_beh.exe -intstyle ise -gui -tclbatch isim.cmd -wdb C:/Users/Dor/Dropbox/IDC/Build Your Own Computer/Projects/Mips-Pipelined-processor/RType MIPS CPU/Simulation/Sim/HW4_TB_isim_beh.wdb 
ISim P.20131013 (signature 0x7708f090)
WARNING: A WEBPACK license was found.
WARNING: Please use Xilinx License Configuration Manager to check out a full ISim license.
WARNING: ISim will run in Lite mode. Please refer to the ISim documentation for more information on the differences between the Lite and the Full version.
This is a Lite version of ISim.
Time resolution is 1 ps
# onerror resume
# wave add /
# run 1000 ns
Simulator is doing circuit initialization process.
at 0 ps: Note: ================== Start checking signals ====================================== (/hw4_tb/).
at 0 ps, Instance /hw4_tb/Testing_te_Rtype_MIPS/fetch_unit_imp/ : Warning: There is an 'U'|'X'|'W'|'Z'|'-' in an arithmetic operand, the result will be 'X'(es).
at 0 ps, Instance /hw4_tb/Testing_te_Rtype_MIPS/GPR_file/ : Warning: CONV_INTEGER: There is an 'U'|'X'|'W'|'Z'|'-' in an arithmetic operand, and it has been converted to 0.
at 0 ps, Instance /hw4_tb/Testing_te_Rtype_MIPS/GPR_file/ : Warning: CONV_INTEGER: There is an 'U'|'X'|'W'|'Z'|'-' in an arithmetic operand, and it has been converted to 0.
at 0 ps, Instance /hw4_tb/Testing_te_Rtype_MIPS/GPR_file/ : Warning: CONV_INTEGER: There is an 'U'|'X'|'W'|'Z'|'-' in an arithmetic operand, and it has been converted to 0.
Finished circuit initialization process.
# restart
# run all
Simulator is doing circuit initialization process.
at 0 ps: Note: ================== Start checking signals ====================================== (/hw4_tb/).
at 0 ps, Instance /hw4_tb/Testing_te_Rtype_MIPS/GPR_file/ : Warning: CONV_INTEGER: There is an 'U'|'X'|'W'|'Z'|'-' in an arithmetic operand, and it has been converted to 0.
at 0 ps, Instance /hw4_tb/Testing_te_Rtype_MIPS/GPR_file/ : Warning: CONV_INTEGER: There is an 'U'|'X'|'W'|'Z'|'-' in an arithmetic operand, and it has been converted to 0.
at 0 ps, Instance /hw4_tb/Testing_te_Rtype_MIPS/GPR_file/ : Warning: CONV_INTEGER: There is an 'U'|'X'|'W'|'Z'|'-' in an arithmetic operand, and it has been converted to 0.
Finished circuit initialization process.
at 5480 ns(6): Note: ============ Test pass!! =============== (/hw4_tb/).
Stopped at time : 36079400 ns : File "C:/Users/Dor/Dropbox/IDC/Build Your Own Computer/Projects/Mips-Pipelined-processor/RType MIPS CPU/Simulation/Src_4sim/HW4_Host_Intf_4sim_for_students.vhd" Line 377
