ISim log file
Running: C:\Users\Matan\Dropbox\IDC\Year 2\Spring\Build Your Own Computer\Mips-Pipelined-processor\Fetch\Simulator\SIM\Fetch_Unit_TB_isim_beh.exe -intstyle ise -gui -tclbatch isim.cmd -wdb C:/Users/Matan/Dropbox/IDC/Year 2/Spring/Build Your Own Computer/Mips-Pipelined-processor/Fetch/Simulator/SIM/Fetch_Unit_TB_isim_beh.wdb 
ISim P.20131013 (signature 0x7708f090)
WARNING: A WEBPACK license was found.
WARNING: Please use Xilinx License Configuration Manager to check out a full ISim license.
WARNING: ISim will run in Lite mode. Please refer to the ISim documentation for more information on the differences between the Lite and the Full version.
This is a Lite version of ISim.
Time resolution is 1 ps
# onerror resume
# wave add /
# run 1000 ns
Simulator is doing circuit initialization process.
at 0 ps, Instance /fetch_unit_tb/Testing_Fetch_Unit/Fetch_unit_imp/ : Warning: There is an 'U'|'X'|'W'|'Z'|'-' in an arithmetic operand, the result will be 'X'(es).
Finished circuit initialization process.
at 601 ns: Note: ================== Start checking signals ====================================== (/fetch_unit_tb/).
# restart
# run all
Simulator is doing circuit initialization process.
Finished circuit initialization process.
at 601 ns: Note: ================== Start checking signals ====================================== (/fetch_unit_tb/).
at 3040 ns(7): Note: ============ Test pass!! =============== (/fetch_unit_tb/).
Stopped at time : 2880080 ns : File "C:/Users/Matan/Dropbox/IDC/Year 2/Spring/Build Your Own Computer/Mips-Pipelined-processor/Fetch/Simulator/Src_4sim/Fetch_Unit_Host_Intf_4sim.vhd" Line 173
