Release 14.7 - xst P.20131013 (nt64)
Copyright (c) 1995-2013 Xilinx, Inc.  All rights reserved.
--> Parameter TMPDIR set to xst/projnav.tmp


Total REAL time to Xst completion: 1.00 secs
Total CPU time to Xst completion: 0.36 secs
 
--> Parameter xsthdpdir set to xst


Total REAL time to Xst completion: 1.00 secs
Total CPU time to Xst completion: 0.36 secs
 
--> Reading design: HW2_top.prj

TABLE OF CONTENTS
  1) Synthesis Options Summary
  2) HDL Compilation
  3) Design Hierarchy Analysis
  4) HDL Analysis
  5) HDL Synthesis
     5.1) HDL Synthesis Report
  6) Advanced HDL Synthesis
     6.1) Advanced HDL Synthesis Report
  7) Low Level Synthesis
  8) Partition Report
  9) Final Report
	9.1) Device utilization summary
	9.2) Partition Resource Summary
	9.3) TIMING REPORT


=========================================================================
*                      Synthesis Options Summary                        *
=========================================================================
---- Source Parameters
Input File Name                    : "HW2_top.prj"
Input Format                       : mixed
Ignore Synthesis Constraint File   : NO

---- Target Parameters
Output File Name                   : "HW2_top"
Output Format                      : NGC
Target Device                      : xc3s500e-4-fg320

---- Source Options
Top Module Name                    : HW2_top
Automatic FSM Extraction           : YES
FSM Encoding Algorithm             : Auto
Safe Implementation                : No
FSM Style                          : LUT
RAM Extraction                     : Yes
RAM Style                          : Auto
ROM Extraction                     : Yes
Mux Style                          : Auto
Decoder Extraction                 : YES
Priority Encoder Extraction        : Yes
Shift Register Extraction          : YES
Logical Shifter Extraction         : YES
XOR Collapsing                     : YES
ROM Style                          : Auto
Mux Extraction                     : Yes
Resource Sharing                   : YES
Asynchronous To Synchronous        : NO
Multiplier Style                   : Auto
Automatic Register Balancing       : No

---- Target Options
Add IO Buffers                     : YES
Global Maximum Fanout              : 100000
Add Generic Clock Buffer(BUFG)     : 24
Register Duplication               : YES
Slice Packing                      : YES
Optimize Instantiated Primitives   : NO
Use Clock Enable                   : Yes
Use Synchronous Set                : Yes
Use Synchronous Reset              : Yes
Pack IO Registers into IOBs        : Auto
Equivalent register Removal        : YES

---- General Options
Optimization Goal                  : Speed
Optimization Effort                : 1
Keep Hierarchy                     : No
Netlist Hierarchy                  : As_Optimized
RTL Output                         : Yes
Global Optimization                : AllClockNets
Read Cores                         : YES
Write Timing Constraints           : NO
Cross Clock Analysis               : NO
Hierarchy Separator                : /
Bus Delimiter                      : <>
Case Specifier                     : Maintain
Slice Utilization Ratio            : 100
BRAM Utilization Ratio             : 100
Verilog 2001                       : YES
Auto BRAM Packing                  : NO
Slice Utilization Ratio Delta      : 5

---- Other Options
Cores Search Directories           : {"../SRC"  }

=========================================================================


=========================================================================
*                          HDL Compilation                              *
=========================================================================
Compiling vhdl file "C:/Users/Dor/Dropbox/IDC/Build Your Own Computer/Projects/Mips-Pipelined-processor/Fetch/ISE/Fetch_Unit-empty.vhd" in Library work.
Entity <fetch_unit> compiled.
Entity <fetch_unit> (Architecture <behavioral>) compiled.
Compiling vhdl file "C:/Users/Dor/Dropbox/IDC/Build Your Own Computer/Projects/Mips-Pipelined-processor/Fetch/SRC/Fetch_Unit_Host_Intf.vhd" in Library work.
Architecture behavioral of Entity fetch_unit_host_intf is up to date.
Compiling vhdl file "C:/Users/Dor/Dropbox/IDC/Build Your Own Computer/Projects/Mips-Pipelined-processor/Fetch/SRC/Clock_driver.vhd" in Library work.
Architecture clock_divider of Entity clock_driver is up to date.
Compiling vhdl file "C:/Users/Dor/Dropbox/IDC/Build Your Own Computer/Projects/Mips-Pipelined-processor/Fetch/ISE/HW2_top.vhd" in Library work.
Architecture behavioral of Entity hw2_top is up to date.

=========================================================================
*                     Design Hierarchy Analysis                         *
=========================================================================
Analyzing hierarchy for entity <HW2_top> in library <work> (architecture <behavioral>).

Analyzing hierarchy for entity <Fetch_Unit> in library <work> (architecture <behavioral>).

Analyzing hierarchy for entity <Fetch_Unit_Host_intf> in library <work> (architecture <behavioral>).

Analyzing hierarchy for entity <Clock_Driver> in library <work> (architecture <clock_divider>).


=========================================================================
*                            HDL Analysis                               *
=========================================================================
Analyzing Entity <HW2_top> in library <work> (Architecture <behavioral>).
Entity <HW2_top> analyzed. Unit <HW2_top> generated.

Analyzing Entity <Fetch_Unit> in library <work> (Architecture <behavioral>).
Entity <Fetch_Unit> analyzed. Unit <Fetch_Unit> generated.

Analyzing Entity <Fetch_Unit_Host_intf> in library <work> (Architecture <behavioral>).
WARNING:Xst:2211 - "C:/Users/Dor/Dropbox/IDC/Build Your Own Computer/Projects/Mips-Pipelined-processor/Fetch/SRC/Fetch_Unit_Host_Intf.vhd" line 225: Instantiating black box module <BYOC_Host_intf>.
Entity <Fetch_Unit_Host_intf> analyzed. Unit <Fetch_Unit_Host_intf> generated.

Analyzing Entity <Clock_Driver> in library <work> (Architecture <clock_divider>).
Entity <Clock_Driver> analyzed. Unit <Clock_Driver> generated.


=========================================================================
*                           HDL Synthesis                               *
=========================================================================

Performing bidirectional port resolution...

Synthesizing Unit <Fetch_Unit>.
    Related source file is "C:/Users/Dor/Dropbox/IDC/Build Your Own Computer/Projects/Mips-Pipelined-processor/Fetch/ISE/Fetch_Unit-empty.vhd".
WARNING:Xst:646 - Signal <sext_imm<31:30>> is assigned but never used. This unconnected signal will be trimmed during the optimization process.
    Found 32-bit adder for signal <branch_adrs>.
    Found 32-bit 4-to-1 multiplexer for signal <PC_mux_out>.
    Found 32-bit adder for signal <PC_plus_4>.
    Found 32-bit register for signal <PC_plus_4_pID>.
    Found 32-bit register for signal <PC_reg>.
    Summary:
	inferred  32 D-type flip-flop(s).
	inferred   2 Adder/Subtractor(s).
	inferred  32 Multiplexer(s).
Unit <Fetch_Unit> synthesized.


Synthesizing Unit <Fetch_Unit_Host_intf>.
    Related source file is "C:/Users/Dor/Dropbox/IDC/Build Your Own Computer/Projects/Mips-Pipelined-processor/Fetch/SRC/Fetch_Unit_Host_Intf.vhd".
WARNING:Xst:1780 - Signal <HOLD> is never used or assigned. This unconnected signal will be trimmed during the optimization process.
WARNING:Xst:646 - Signal <FU_sevenseg_out> is assigned but never used. This unconnected signal will be trimmed during the optimization process.
WARNING:Xst:646 - Signal <FU_anodes_out> is assigned but never used. This unconnected signal will be trimmed during the optimization process.
WARNING:Xst:646 - Signal <FU_VGA_v_sync> is assigned but never used. This unconnected signal will be trimmed during the optimization process.
WARNING:Xst:646 - Signal <FU_VGA_red2> is assigned but never used. This unconnected signal will be trimmed during the optimization process.
WARNING:Xst:646 - Signal <FU_VGA_red1> is assigned but never used. This unconnected signal will be trimmed during the optimization process.
WARNING:Xst:646 - Signal <FU_VGA_red0> is assigned but never used. This unconnected signal will be trimmed during the optimization process.
WARNING:Xst:646 - Signal <FU_VGA_h_sync> is assigned but never used. This unconnected signal will be trimmed during the optimization process.
WARNING:Xst:646 - Signal <FU_VGA_grn2> is assigned but never used. This unconnected signal will be trimmed during the optimization process.
WARNING:Xst:646 - Signal <FU_VGA_grn1> is assigned but never used. This unconnected signal will be trimmed during the optimization process.
WARNING:Xst:646 - Signal <FU_VGA_grn0> is assigned but never used. This unconnected signal will be trimmed during the optimization process.
WARNING:Xst:646 - Signal <FU_VGA_blu2> is assigned but never used. This unconnected signal will be trimmed during the optimization process.
WARNING:Xst:646 - Signal <FU_VGA_blu1> is assigned but never used. This unconnected signal will be trimmed during the optimization process.
WARNING:Xst:1780 - Signal <FU_PS2_kbd_data> is never used or assigned. This unconnected signal will be trimmed during the optimization process.
WARNING:Xst:1780 - Signal <FU_PS2_kbd_ck> is never used or assigned. This unconnected signal will be trimmed during the optimization process.
WARNING:Xst:1780 - Signal <FU_MIPS_DMem_wr_data> is never used or assigned. This unconnected signal will be trimmed during the optimization process.
WARNING:Xst:1780 - Signal <FU_MIPS_DMem_we> is never used or assigned. This unconnected signal will be trimmed during the optimization process.
WARNING:Xst:646 - Signal <FU_MIPS_DMem_rd_data> is assigned but never used. This unconnected signal will be trimmed during the optimization process.
WARNING:Xst:1780 - Signal <FU_MIPS_DMem_adrs> is never used or assigned. This unconnected signal will be trimmed during the optimization process.
WARNING:Xst:646 - Signal <FU_Flash_wr_data> is assigned but never used. This unconnected signal will be trimmed during the optimization process.
WARNING:Xst:646 - Signal <FU_Flash_we_n> is assigned but never used. This unconnected signal will be trimmed during the optimization process.
WARNING:Xst:1780 - Signal <FU_Flash_sts> is never used or assigned. This unconnected signal will be trimmed during the optimization process.
WARNING:Xst:646 - Signal <FU_Flash_rp_n> is assigned but never used. This unconnected signal will be trimmed during the optimization process.
WARNING:Xst:1780 - Signal <FU_Flash_rd_data> is never used or assigned. This unconnected signal will be trimmed during the optimization process.
WARNING:Xst:646 - Signal <FU_Flash_oe_n> is assigned but never used. This unconnected signal will be trimmed during the optimization process.
WARNING:Xst:646 - Signal <FU_Flash_ce_n> is assigned but never used. This unconnected signal will be trimmed during the optimization process.
WARNING:Xst:646 - Signal <FU_Flash_adrs> is assigned but never used. This unconnected signal will be trimmed during the optimization process.
WARNING:Xst:646 - Signal <CK> is assigned but never used. This unconnected signal will be trimmed during the optimization process.
Unit <Fetch_Unit_Host_intf> synthesized.


Synthesizing Unit <Clock_Driver>.
    Related source file is "C:/Users/Dor/Dropbox/IDC/Build Your Own Computer/Projects/Mips-Pipelined-processor/Fetch/SRC/Clock_driver.vhd".
    Found 1-bit register for signal <half_ck_signal>.
    Summary:
	inferred   1 D-type flip-flop(s).
Unit <Clock_Driver> synthesized.


Synthesizing Unit <HW2_top>.
    Related source file is "C:/Users/Dor/Dropbox/IDC/Build Your Own Computer/Projects/Mips-Pipelined-processor/Fetch/ISE/HW2_top.vhd".
Unit <HW2_top> synthesized.


=========================================================================
HDL Synthesis Report

Macro Statistics
# Adders/Subtractors                                   : 2
 32-bit adder                                          : 2
# Registers                                            : 3
 1-bit register                                        : 1
 32-bit register                                       : 2
# Multiplexers                                         : 1
 32-bit 4-to-1 multiplexer                             : 1

=========================================================================

=========================================================================
*                       Advanced HDL Synthesis                          *
=========================================================================

Reading core <../SRC/BYOC_Host_intf.ngc>.
Loading core <BYOC_Host_intf> for timing and area information for instance <hostintf>.

=========================================================================
Advanced HDL Synthesis Report

Macro Statistics
# Adders/Subtractors                                   : 2
 32-bit adder                                          : 2
# Registers                                            : 65
 Flip-Flops                                            : 65
# Multiplexers                                         : 1
 32-bit 4-to-1 multiplexer                             : 1

=========================================================================

=========================================================================
*                         Low Level Synthesis                           *
=========================================================================

Optimizing unit <HW2_top> ...

Optimizing unit <Fetch_Unit> ...

Mapping all equations...
Building and optimizing final netlist ...
Found area constraint ratio of 100 (+ 5) on block HW2_top, actual ratio is 21.
INFO:Xst:2260 - The FF/Latch <CrntState_23> in Unit <hostintf/hostintf> is equivalent to the following FF/Latch : <CrntState_23_1> 
INFO:Xst:2260 - The FF/Latch <CrntState_30> in Unit <hostintf/hostintf> is equivalent to the following FF/Latch : <CrntState_30_1> 
INFO:Xst:2260 - The FF/Latch <CrntState_23> in Unit <hostintf/hostintf> is equivalent to the following FF/Latch : <CrntState_23_1> 
INFO:Xst:2260 - The FF/Latch <CrntState_30> in Unit <hostintf/hostintf> is equivalent to the following FF/Latch : <CrntState_30_1> 

Final Macro Processing ...

=========================================================================
Final Register Report

Macro Statistics
# Registers                                            : 65
 Flip-Flops                                            : 65

=========================================================================

=========================================================================
*                           Partition Report                            *
=========================================================================

Partition Implementation Status
-------------------------------

  No Partitions were found in this design.

-------------------------------

=========================================================================
*                            Final Report                               *
=========================================================================
Final Results
RTL Top Level Output File Name     : HW2_top.ngr
Top Level Output File Name         : HW2_top
Output Format                      : NGC
Optimization Goal                  : Speed
Keep Hierarchy                     : No

Design Statistics
# IOs                              : 23

Cell Usage :
# BELS                             : 2511
#      GND                         : 2
#      INV                         : 35
#      LUT1                        : 144
#      LUT2                        : 157
#      LUT2_D                      : 2
#      LUT2_L                      : 5
#      LUT3                        : 627
#      LUT3_D                      : 13
#      LUT3_L                      : 19
#      LUT4                        : 584
#      LUT4_D                      : 20
#      LUT4_L                      : 98
#      MUXCY                       : 263
#      MUXF5                       : 210
#      MUXF6                       : 72
#      MUXF7                       : 32
#      VCC                         : 2
#      XORCY                       : 226
# FlipFlops/Latches                : 762
#      FD                          : 65
#      FDC                         : 124
#      FDCE                        : 235
#      FDE                         : 237
#      FDP                         : 2
#      FDPE                        : 11
#      FDR                         : 29
#      FDRE                        : 54
#      FDRS                        : 2
#      FDRSE                       : 1
#      FDS                         : 2
# RAMS                             : 13
#      RAMB16_S18_S18              : 4
#      RAMB16_S36                  : 1
#      RAMB16_S4_S4                : 8
# Shift Registers                  : 4
#      SRL16                       : 1
#      SRL16E                      : 3
# Clock Buffers                    : 3
#      BUFG                        : 2
#      BUFGP                       : 1
# IO Buffers                       : 22
#      IBUF                        : 13
#      OBUF                        : 9
=========================================================================

Device utilization summary:
---------------------------

Selected Device : 3s500efg320-4 

 Number of Slices:                      991  out of   4656    21%  
 Number of Slice Flip Flops:            762  out of   9312     8%  
 Number of 4 input LUTs:               1708  out of   9312    18%  
    Number used as logic:              1704
    Number used as Shift registers:       4
 Number of IOs:                          23
 Number of bonded IOBs:                  23  out of    232     9%  
 Number of BRAMs:                        13  out of     20    65%  
 Number of GCLKs:                         3  out of     24    12%  

---------------------------
Partition Resource Summary:
---------------------------

  No Partitions were found in this design.

---------------------------


=========================================================================
TIMING REPORT

NOTE: THESE TIMING NUMBERS ARE ONLY A SYNTHESIS ESTIMATE.
      FOR ACCURATE TIMING INFORMATION PLEASE REFER TO THE TRACE REPORT
      GENERATED AFTER PLACE-and-ROUTE.

Clock Information:
------------------
-----------------------------------------------+------------------------+-------+
Clock Signal                                   | Clock buffer(FF name)  | Load  |
-----------------------------------------------+------------------------+-------+
clock_divider/half_ck_signal                   | BUFG                   | 726   |
hostintf/hostintf/UART_TOP/divider_entity/T_FF1| BUFG                   | 52    |
CK_50MHz                                       | BUFGP                  | 1     |
-----------------------------------------------+------------------------+-------+

Asynchronous Control Signals Information:
----------------------------------------
--------------------------------------------------------+-------------------------------------------------------------------+-------+
Control Signal                                          | Buffer(FF name)                                                   | Load  |
--------------------------------------------------------+-------------------------------------------------------------------+-------+
hostintf/hostintf/MIPS_reset(hostintf/hostintf/RESET1:O)| NONE(hostintf/hostintf/Flash_intf_in_host_intf/CrntState_FSM_FFd1)| 280   |
RESET_signal(hostintf/RESET1:O)                         | NONE(Fetch_unit_imp/PC_plus_4_pID_0)                              | 64    |
buttons_in<3>                                           | IBUF                                                              | 28    |
--------------------------------------------------------+-------------------------------------------------------------------+-------+

Timing Summary:
---------------
Speed Grade: -4

   Minimum period: 15.310ns (Maximum Frequency: 65.317MHz)
   Minimum input arrival time before clock: 11.229ns
   Maximum output required time after clock: 4.283ns
   Maximum combinational path delay: No path found

Timing Detail:
--------------
All values displayed in nanoseconds (ns)

=========================================================================
Timing constraint: Default period analysis for Clock 'clock_divider/half_ck_signal'
  Clock period: 15.310ns (frequency: 65.317MHz)
  Total number of paths / destination ports: 46668 / 1444
-------------------------------------------------------------------------
Delay:               15.310ns (Levels of Logic = 13)
  Source:            hostintf/hostintf/IMem_in_host_intf/Regular_IMem/Mram_Memory_array2 (RAM)
  Destination:       hostintf/hostintf/Tx_data_reg_11 (FF)
  Source Clock:      clock_divider/half_ck_signal rising
  Destination Clock: clock_divider/half_ck_signal rising

  Data Path: hostintf/hostintf/IMem_in_host_intf/Regular_IMem/Mram_Memory_array2 to hostintf/hostintf/Tx_data_reg_11
                                Gate     Net
    Cell:in->out      fanout   Delay   Delay  Logical Name (Net Name)
    ----------------------------------------  ------------
     RAMB16_S18_S18:CLKA->DOA10    1   2.800   0.595  IMem_in_host_intf/Regular_IMem/Mram_Memory_array2 (IMem_in_host_intf/MIPS_IMem_rd_data_regular<28>)
     LUT4:I0->O            8   0.704   0.761  IMem_in_host_intf/Mmux_MIPS_IMem_rd_data211 (MIPS_IMem_rd_data<28>)
     end scope: 'hostintf/hostintf'
     LUT4:I3->O            2   0.704   0.482  Fetch_unit_imp/PC_Source<1>47_SW0 (N60)
     LUT4:I2->O            4   0.704   0.591  Fetch_unit_imp/PC_Source<1>47_1 (Fetch_unit_imp/PC_Source<1>47)
     LUT4_D:I3->O         12   0.704   1.136  Fetch_unit_imp/Mmux_PC_mux_out1021_1 (Fetch_unit_imp/Mmux_PC_mux_out1021)
     LUT4:I0->O            1   0.704   0.000  Fetch_unit_imp/Mmux_PC_mux_out61 (Fetch_unit_imp/Mmux_PC_mux_out6)
     MUXF5:I1->O           2   0.321   0.622  Fetch_unit_imp/Mmux_PC_mux_out6_f5 (rdbk9_signal<11>)
     begin scope: 'hostintf/hostintf'
     LUT3:I0->O            1   0.704   0.000  Mmux_Host_RDBK_data_76 (Mmux_Host_RDBK_data_76)
     MUXF5:I0->O           1   0.321   0.000  Mmux_Host_RDBK_data_5_f5_3 (Mmux_Host_RDBK_data_5_f54)
     MUXF6:I0->O           1   0.521   0.000  Mmux_Host_RDBK_data_3_f6_1 (Mmux_Host_RDBK_data_3_f62)
     MUXF7:I1->O           1   0.521   0.424  Mmux_Host_RDBK_data_2_f7_1 (Host_RDBK_data<11>)
     LUT4_L:I3->LO         1   0.704   0.275  Host_MIPS_rd_data<11>_SW0_SW0 (N434)
     LUT4:I0->O            1   0.704   0.000  Host_MIPS_rd_data<11> (Host_MIPS_rd_data<11>)
     FDE:D                     0.308          Tx_data_reg_11
    ----------------------------------------
    Total                     15.310ns (10.424ns logic, 4.886ns route)
                                       (68.1% logic, 31.9% route)

=========================================================================
Timing constraint: Default period analysis for Clock 'hostintf/hostintf/UART_TOP/divider_entity/T_FF1'
  Clock period: 6.201ns (frequency: 161.264MHz)
  Total number of paths / destination ports: 357 / 107
-------------------------------------------------------------------------
Delay:               6.201ns (Levels of Logic = 3)
  Source:            hostintf/hostintf/UART_TOP/receiver_entity/sub_bit_cntr_0 (FF)
  Destination:       hostintf/hostintf/UART_TOP/Rx_output_sync_entity/Q1 (FF)
  Source Clock:      hostintf/hostintf/UART_TOP/divider_entity/T_FF1 rising
  Destination Clock: hostintf/hostintf/UART_TOP/divider_entity/T_FF1 rising

  Data Path: hostintf/hostintf/UART_TOP/receiver_entity/sub_bit_cntr_0 to hostintf/hostintf/UART_TOP/Rx_output_sync_entity/Q1
                                Gate     Net
    Cell:in->out      fanout   Delay   Delay  Logical Name (Net Name)
    ----------------------------------------  ------------
     FDR:C->Q              6   0.591   0.844  UART_TOP/receiver_entity/sub_bit_cntr_0 (UART_TOP/receiver_entity/sub_bit_cntr<0>)
     LUT4:I0->O            4   0.704   0.622  UART_TOP/receiver_entity/CrntState_cmp_eq00001 (UART_TOP/receiver_entity/CrntState_cmp_eq0000)
     LUT3:I2->O           10   0.704   1.057  UART_TOP/receiver_entity/dout_we1 (UART_TOP/Rx_dout_we)
     LUT3:I0->O            1   0.704   0.420  UART_TOP/Rx_output_sync_entity/Q1_not00011 (UART_TOP/Rx_output_sync_entity/Q1_not0001)
     FDCE:CE                   0.555          UART_TOP/Rx_output_sync_entity/Q1
    ----------------------------------------
    Total                      6.201ns (3.258ns logic, 2.943ns route)
                                       (52.5% logic, 47.5% route)

=========================================================================
Timing constraint: Default period analysis for Clock 'CK_50MHz'
  Clock period: 1.949ns (frequency: 513.084MHz)
  Total number of paths / destination ports: 1 / 1
-------------------------------------------------------------------------
Delay:               1.949ns (Levels of Logic = 0)
  Source:            clock_divider/half_ck_signal (FF)
  Destination:       clock_divider/half_ck_signal (FF)
  Source Clock:      CK_50MHz rising
  Destination Clock: CK_50MHz rising

  Data Path: clock_divider/half_ck_signal to clock_divider/half_ck_signal
                                Gate     Net
    Cell:in->out      fanout   Delay   Delay  Logical Name (Net Name)
    ----------------------------------------  ------------
     FDR:C->Q              2   0.591   0.447  clock_divider/half_ck_signal (clock_divider/half_ck_signal)
     FDR:R                     0.911          clock_divider/half_ck_signal
    ----------------------------------------
    Total                      1.949ns (1.502ns logic, 0.447ns route)
                                       (77.1% logic, 22.9% route)

=========================================================================
Timing constraint: Default OFFSET IN BEFORE for Clock 'clock_divider/half_ck_signal'
  Total number of paths / destination ports: 194 / 111
-------------------------------------------------------------------------
Offset:              11.229ns (Levels of Logic = 11)
  Source:            buttons_in<3> (PAD)
  Destination:       hostintf/hostintf/Tx_data_reg_0 (FF)
  Destination Clock: clock_divider/half_ck_signal rising

  Data Path: buttons_in<3> to hostintf/hostintf/Tx_data_reg_0
                                Gate     Net
    Cell:in->out      fanout   Delay   Delay  Logical Name (Net Name)
    ----------------------------------------  ------------
     IBUF:I->O            37   1.218   1.343  buttons_in_3_IBUF (buttons_in_3_IBUF)
     begin scope: 'hostintf/hostintf'
     LUT2:I1->O          302   0.704   1.426  RESET1 (MIPS_reset)
     end scope: 'hostintf/hostintf'
     LUT2:I1->O           65   0.704   1.352  hostintf/RESET1 (RESET_signal)
     begin scope: 'hostintf/hostintf'
     LUT3:I1->O            1   0.704   0.000  Mmux_Host_RDBK_data_7 (Mmux_Host_RDBK_data_7)
     MUXF5:I0->O           1   0.321   0.000  Mmux_Host_RDBK_data_5_f5 (Mmux_Host_RDBK_data_5_f5)
     MUXF6:I0->O           1   0.521   0.000  Mmux_Host_RDBK_data_3_f6 (Mmux_Host_RDBK_data_3_f6)
     MUXF7:I1->O           1   0.521   0.424  Mmux_Host_RDBK_data_2_f7 (Host_RDBK_data<0>)
     LUT4_L:I3->LO         1   0.704   0.275  Host_MIPS_rd_data<0>_SW0_SW0 (N316)
     LUT4:I0->O            1   0.704   0.000  Host_MIPS_rd_data<0> (Host_MIPS_rd_data<0>)
     FDE:D                     0.308          Tx_data_reg_0
    ----------------------------------------
    Total                     11.229ns (6.409ns logic, 4.820ns route)
                                       (57.1% logic, 42.9% route)

=========================================================================
Timing constraint: Default OFFSET IN BEFORE for Clock 'hostintf/hostintf/UART_TOP/divider_entity/T_FF1'
  Total number of paths / destination ports: 5 / 5
-------------------------------------------------------------------------
Offset:              5.523ns (Levels of Logic = 3)
  Source:            buttons_in<3> (PAD)
  Destination:       hostintf/hostintf/UART_TOP/transmitter_entity/CrntState_FSM_FFd2 (FF)
  Destination Clock: hostintf/hostintf/UART_TOP/divider_entity/T_FF1 rising

  Data Path: buttons_in<3> to hostintf/hostintf/UART_TOP/transmitter_entity/CrntState_FSM_FFd2
                                Gate     Net
    Cell:in->out      fanout   Delay   Delay  Logical Name (Net Name)
    ----------------------------------------  ------------
     IBUF:I->O            37   1.218   1.343  buttons_in_3_IBUF (buttons_in_3_IBUF)
     begin scope: 'hostintf/hostintf'
     LUT2:I1->O          302   0.704   1.347  RESET1 (MIPS_reset)
     FDR:R                     0.911          UART_TOP/transmitter_entity/CrntState_FSM_FFd2
    ----------------------------------------
    Total                      5.523ns (2.833ns logic, 2.690ns route)
                                       (51.3% logic, 48.7% route)

=========================================================================
Timing constraint: Default OFFSET OUT AFTER for Clock 'hostintf/hostintf/UART_TOP/divider_entity/T_FF1'
  Total number of paths / destination ports: 1 / 1
-------------------------------------------------------------------------
Offset:              4.283ns (Levels of Logic = 2)
  Source:            hostintf/hostintf/UART_TOP/transmitter_entity/Out_shift_reg_0 (FF)
  Destination:       RS232_Tx (PAD)
  Source Clock:      hostintf/hostintf/UART_TOP/divider_entity/T_FF1 rising

  Data Path: hostintf/hostintf/UART_TOP/transmitter_entity/Out_shift_reg_0 to RS232_Tx
                                Gate     Net
    Cell:in->out      fanout   Delay   Delay  Logical Name (Net Name)
    ----------------------------------------  ------------
     FDPE:C->Q             1   0.591   0.420  UART_TOP/transmitter_entity/Out_shift_reg_0 (RS232_Tx)
     end scope: 'hostintf/hostintf'
     OBUF:I->O                 3.272          RS232_Tx_OBUF (RS232_Tx)
    ----------------------------------------
    Total                      4.283ns (3.863ns logic, 0.420ns route)
                                       (90.2% logic, 9.8% route)

=========================================================================


Total REAL time to Xst completion: 20.00 secs
Total CPU time to Xst completion: 19.45 secs
 
--> 

Total memory usage is 306624 kilobytes

Number of errors   :    0 (   0 filtered)
Number of warnings :   30 (   0 filtered)
Number of infos    :    4 (   0 filtered)

