ISim log file
Running: C:\Users\Matan\Dropbox\IDC\Year 2\Spring\Build Your Own Computer\Mips-Pipelined-processor\IType MIPS CPU\Simulation\Sim\HW5_TB_isim_beh.exe -intstyle ise -gui -tclbatch isim.cmd -wdb C:/Users/Matan/Dropbox/IDC/Year 2/Spring/Build Your Own Computer/Mips-Pipelined-processor/IType MIPS CPU/Simulation/Sim/HW5_TB_isim_beh.wdb 
ISim P.20131013 (signature 0x7708f090)
WARNING: A WEBPACK license was found.
WARNING: Please use Xilinx License Configuration Manager to check out a full ISim license.
WARNING: ISim will run in Lite mode. Please refer to the ISim documentation for more information on the differences between the Lite and the Full version.
This is a Lite version of ISim.
Time resolution is 1 ps
# onerror resume
# wave add /
# run 1000 ns
Simulator is doing circuit initialization process.
at 0 ps: Note: ================== Start checking signals ====================================== (/hw5_tb/).
at 0 ps, Instance /hw5_tb/Testing_HW5_MIPS/fetch_unit_imp/ : Warning: There is an 'U'|'X'|'W'|'Z'|'-' in an arithmetic operand, the result will be 'X'(es).
at 0 ps, Instance /hw5_tb/Testing_HW5_MIPS/GPR_file/ : Warning: CONV_INTEGER: There is an 'U'|'X'|'W'|'Z'|'-' in an arithmetic operand, and it has been converted to 0.
at 0 ps, Instance /hw5_tb/Testing_HW5_MIPS/GPR_file/ : Warning: CONV_INTEGER: There is an 'U'|'X'|'W'|'Z'|'-' in an arithmetic operand, and it has been converted to 0.
at 0 ps, Instance /hw5_tb/Testing_HW5_MIPS/GPR_file/ : Warning: CONV_INTEGER: There is an 'U'|'X'|'W'|'Z'|'-' in an arithmetic operand, and it has been converted to 0.
Finished circuit initialization process.
# run all
at 5880 ns(6): Note: ============ Test pass!! =============== (/hw5_tb/).
Stopped at time : 2762360 ns : File "C:/Users/Matan/Dropbox/IDC/Year 2/Spring/Build Your Own Computer/Mips-Pipelined-processor/IType MIPS CPU/Simulation/Src_4sim/Fetch_Unit-empty.vhd" Line 142
