Command line:
   Fetch_Unit_TB_isim_beh.exe
     -simmode  gui
     -simrunnum  0
     -socket  60107

Mon Apr 27 20:35:00 2015


 Elaboration Time: 0.0625 sec

 Current Memory Usage: 365.507 Meg

 Total Signals          : 148
 Total Nets             : 2229
 Total Signal Drivers   : 82
 Total Blocks           : 10
 Total Primitive Blocks : 8
 Total Processes        : 78
 Total Traceable Variables  : 15
 Total Scalar Nets and Variables : 2730
Total Line Count : 173

 Total Simulation Time: 13.625 sec

 Current Memory Usage: 365.507 Meg

Mon Apr 27 20:35:19 2015

