Command line:
   HW5_MIPS_4sim_isim_beh.exe
     -simmode  gui
     -simrunnum  0
     -socket  49843

Mon Jun 01 21:24:32 2015


 Elaboration Time: 0.0625 sec

 Current Memory Usage: 364.863 Meg

 Total Signals          : 149
 Total Nets             : 1941
 Total Signal Drivers   : 107
 Total Blocks           : 10
 Total Primitive Blocks : 8
 Total Processes        : 90
 Total Traceable Variables  : 20
 Total Scalar Nets and Variables : 3470
Total Line Count : 220

 Total Simulation Time: 0.109375 sec

 Current Memory Usage: 364.863 Meg

Tue Jun 02 11:26:10 2015

