ISim log file
Running: C:\Users\Dor\Dropbox\IDC\Build Your Own Computer\Projects\Mips-Pipelined-processor\MIPS CPU\Simulation1\sim\HW6_TB_isim_beh.exe -intstyle ise -gui -tclbatch isim.cmd -wdb C:/Users/Dor/Dropbox/IDC/Build Your Own Computer/Projects/Mips-Pipelined-processor/MIPS CPU/Simulation1/sim/HW6_TB_isim_beh.wdb 
ISim P.20131013 (signature 0x7708f090)
WARNING: A WEBPACK license was found.
WARNING: Please use Xilinx License Configuration Manager to check out a full ISim license.
WARNING: ISim will run in Lite mode. Please refer to the ISim documentation for more information on the differences between the Lite and the Full version.
This is a Lite version of ISim.
Time resolution is 1 ps
# onerror resume
# wave add /
# run 1000 ns
Simulator is doing circuit initialization process.
at 0 ps: Note: ================== Start checking signals ====================================== (/hw6_tb/).
at 0 ps, Instance /hw6_tb/Testing_HW6_MIPS/fetch_unit_imp/ : Warning: There is an 'U'|'X'|'W'|'Z'|'-' in an arithmetic operand, the result will be 'X'(es).
at 0 ps, Instance /hw6_tb/Testing_HW6_MIPS/GPR_file/ : Warning: CONV_INTEGER: There is an 'U'|'X'|'W'|'Z'|'-' in an arithmetic operand, and it has been converted to 0.
at 0 ps, Instance /hw6_tb/Testing_HW6_MIPS/GPR_file/ : Warning: CONV_INTEGER: There is an 'U'|'X'|'W'|'Z'|'-' in an arithmetic operand, and it has been converted to 0.
at 0 ps, Instance /hw6_tb/Testing_HW6_MIPS/GPR_file/ : Warning: CONV_INTEGER: There is an 'U'|'X'|'W'|'Z'|'-' in an arithmetic operand, and it has been converted to 0.
Finished circuit initialization process.
# run all
at 7040 ns(6): Note: ============ Test pass!! =============== (/hw6_tb/).
Stopped at time : 4459560 ns : File "C:/Users/Dor/Dropbox/IDC/Build Your Own Computer/Projects/Mips-Pipelined-processor/MIPS CPU/Simulation1/src_4sim/Fetch_Unit-empty.vhd" Line 98
