Running: C:\Xilinx\14.7\ISE_DS\ISE\bin\nt64\unwrapped\fuse.exe -intstyle ise -incremental -o C:/Users/Dor/Dropbox/IDC/Build Your Own Computer/Projects/Mips-Pipelined-processor/GPR and ALU/MIPS_ALU_SIM/MIPS_ALU_TB_isim_beh.exe -prj C:/Users/Dor/Dropbox/IDC/Build Your Own Computer/Projects/Mips-Pipelined-processor/GPR and ALU/MIPS_ALU_SIM/MIPS_ALU_TB_beh.prj work.MIPS_ALU_TB 
ISim P.20131013 (signature 0x7708f090)
Number of CPUs detected in this system: 4
Turning on mult-threading, number of parallel sub-compilation jobs: 8 
Determining compilation order of HDL files
Parsing VHDL file "C:/Users/Dor/Dropbox/IDC/Build Your Own Computer/Projects/Mips-Pipelined-processor/GPR and ALU/MIPS_ALU_SIM/../MIPS_ALU_src/MIPS_ALU-empty.vhd" into library work
Parsing VHDL file "C:/Users/Dor/Dropbox/IDC/Build Your Own Computer/Projects/Mips-Pipelined-processor/GPR and ALU/MIPS_ALU_SIM/../MIPS_ALU_src/MIPS_ALU_TB.vhd" into library work
Starting static elaboration
Completed static elaboration
Compiling package standard
Compiling package std_logic_1164
Compiling package std_logic_arith
Compiling package std_logic_unsigned
Compiling package textio
Compiling package numeric_std
Compiling architecture behavioral of entity MIPS_ALU [mips_alu_default]
Compiling architecture testing of entity mips_alu_tb
Time Resolution for simulation is 1ps.
Waiting for 1 sub-compilation(s) to finish...
Compiled 9 VHDL Units
Built simulation executable C:/Users/Dor/Dropbox/IDC/Build Your Own Computer/Projects/Mips-Pipelined-processor/GPR and ALU/MIPS_ALU_SIM/MIPS_ALU_TB_isim_beh.exe
Fuse Memory Usage: 36528 KB
Fuse CPU Usage: 1060 ms
