Release 14.7 - xst P.20131013 (nt64)
Copyright (c) 1995-2013 Xilinx, Inc.  All rights reserved.
--> Parameter TMPDIR set to xst/projnav.tmp


Total REAL time to Xst completion: 0.00 secs
Total CPU time to Xst completion: 0.17 secs
 
--> Parameter xsthdpdir set to xst


Total REAL time to Xst completion: 0.00 secs
Total CPU time to Xst completion: 0.17 secs
 
--> Reading design: MIPS_ALU.prj

TABLE OF CONTENTS
  1) Synthesis Options Summary
  2) HDL Compilation
  3) Design Hierarchy Analysis
  4) HDL Analysis
  5) HDL Synthesis
     5.1) HDL Synthesis Report
  6) Advanced HDL Synthesis
     6.1) Advanced HDL Synthesis Report
  7) Low Level Synthesis
  8) Partition Report
  9) Final Report
	9.1) Device utilization summary
	9.2) Partition Resource Summary
	9.3) TIMING REPORT


=========================================================================
*                      Synthesis Options Summary                        *
=========================================================================
---- Source Parameters
Input File Name                    : "MIPS_ALU.prj"
Input Format                       : mixed
Ignore Synthesis Constraint File   : NO

---- Target Parameters
Output File Name                   : "MIPS_ALU"
Output Format                      : NGC
Target Device                      : xc3s500e-4-fg320

---- Source Options
Top Module Name                    : MIPS_ALU
Automatic FSM Extraction           : YES
FSM Encoding Algorithm             : Auto
Safe Implementation                : No
FSM Style                          : LUT
RAM Extraction                     : Yes
RAM Style                          : Auto
ROM Extraction                     : Yes
Mux Style                          : Auto
Decoder Extraction                 : YES
Priority Encoder Extraction        : Yes
Shift Register Extraction          : YES
Logical Shifter Extraction         : YES
XOR Collapsing                     : YES
ROM Style                          : Auto
Mux Extraction                     : Yes
Resource Sharing                   : YES
Asynchronous To Synchronous        : NO
Multiplier Style                   : Auto
Automatic Register Balancing       : No

---- Target Options
Add IO Buffers                     : YES
Global Maximum Fanout              : 100000
Add Generic Clock Buffer(BUFG)     : 24
Register Duplication               : YES
Slice Packing                      : YES
Optimize Instantiated Primitives   : NO
Use Clock Enable                   : Yes
Use Synchronous Set                : Yes
Use Synchronous Reset              : Yes
Pack IO Registers into IOBs        : Auto
Equivalent register Removal        : YES

---- General Options
Optimization Goal                  : Speed
Optimization Effort                : 1
Keep Hierarchy                     : No
Netlist Hierarchy                  : As_Optimized
RTL Output                         : Yes
Global Optimization                : AllClockNets
Read Cores                         : YES
Write Timing Constraints           : NO
Cross Clock Analysis               : NO
Hierarchy Separator                : /
Bus Delimiter                      : <>
Case Specifier                     : Maintain
Slice Utilization Ratio            : 100
BRAM Utilization Ratio             : 100
Verilog 2001                       : YES
Auto BRAM Packing                  : NO
Slice Utilization Ratio Delta      : 5

=========================================================================


=========================================================================
*                          HDL Compilation                              *
=========================================================================
WARNING:HDLParsers:3607 - Unit work/MIPS_ALU is now defined in a different file.  It was defined in "C:/Users/Dor/Dropbox/IDC/Build Your Own Computer/Projects/Mips-Pipelined-processor/GPR and ALU/src/MIPS_ALU-empty.vhd", and is now defined in "C:/Users/Dor/Dropbox/IDC/Build Your Own Computer/Projects/Mips-Pipelined-processor/GPR and ALU/MIPS_ALU_src/MIPS_ALU-empty.vhd".
WARNING:HDLParsers:3607 - Unit work/MIPS_ALU/Behavioral is now defined in a different file.  It was defined in "C:/Users/Dor/Dropbox/IDC/Build Your Own Computer/Projects/Mips-Pipelined-processor/GPR and ALU/src/MIPS_ALU-empty.vhd", and is now defined in "C:/Users/Dor/Dropbox/IDC/Build Your Own Computer/Projects/Mips-Pipelined-processor/GPR and ALU/MIPS_ALU_src/MIPS_ALU-empty.vhd".
Compiling vhdl file "C:/Users/Dor/Dropbox/IDC/Build Your Own Computer/Projects/Mips-Pipelined-processor/GPR and ALU/MIPS_ALU_src/MIPS_ALU-empty.vhd" in Library work.
Architecture behavioral of Entity mips_alu is up to date.

=========================================================================
*                     Design Hierarchy Analysis                         *
=========================================================================
Analyzing hierarchy for entity <MIPS_ALU> in library <work> (architecture <behavioral>).


=========================================================================
*                            HDL Analysis                               *
=========================================================================
Analyzing Entity <MIPS_ALU> in library <work> (Architecture <behavioral>).
Entity <MIPS_ALU> analyzed. Unit <MIPS_ALU> generated.


=========================================================================
*                           HDL Synthesis                               *
=========================================================================

Performing bidirectional port resolution...

Synthesizing Unit <MIPS_ALU>.
    Related source file is "C:/Users/Dor/Dropbox/IDC/Build Your Own Computer/Projects/Mips-Pipelined-processor/GPR and ALU/MIPS_ALU_src/MIPS_ALU-empty.vhd".
WARNING:Xst:646 - Signal <substract<31:0>> is assigned but never used. This unconnected signal will be trimmed during the optimization process.
    Using one-hot encoding for signal <ALU_cmd>.
    Found 32-bit addsub for signal <ALU_output$addsub0000>.
    Found 32-bit xor2 for signal <ALU_output$xor0000> created at line 86.
    Found 33-bit subtractor for signal <substract>.
    Summary:
	inferred   2 Adder/Subtractor(s).
Unit <MIPS_ALU> synthesized.

INFO:Xst:1767 - HDL ADVISOR - Resource sharing has identified that some arithmetic operations in this design can share the same physical resources for reduced device utilization. For improved clock frequency you may try to disable resource sharing.

=========================================================================
HDL Synthesis Report

Macro Statistics
# Adders/Subtractors                                   : 2
 32-bit addsub                                         : 1
 33-bit subtractor                                     : 1
# Xors                                                 : 1
 32-bit xor2                                           : 1

=========================================================================

=========================================================================
*                       Advanced HDL Synthesis                          *
=========================================================================


=========================================================================
Advanced HDL Synthesis Report

Macro Statistics
# Adders/Subtractors                                   : 2
 32-bit addsub                                         : 1
 33-bit subtractor                                     : 1
# Xors                                                 : 1
 32-bit xor2                                           : 1

=========================================================================

=========================================================================
*                         Low Level Synthesis                           *
=========================================================================

Optimizing unit <MIPS_ALU> ...

Mapping all equations...
Building and optimizing final netlist ...
Found area constraint ratio of 100 (+ 5) on block MIPS_ALU, actual ratio is 2.

Final Macro Processing ...

=========================================================================
Final Register Report

Found no macro
=========================================================================

=========================================================================
*                           Partition Report                            *
=========================================================================

Partition Implementation Status
-------------------------------

  No Partitions were found in this design.

-------------------------------

=========================================================================
*                            Final Report                               *
=========================================================================
Final Results
RTL Top Level Output File Name     : MIPS_ALU.ngr
Top Level Output File Name         : MIPS_ALU
Output Format                      : NGC
Optimization Goal                  : Speed
Keep Hierarchy                     : No

Design Statistics
# IOs                              : 137

Cell Usage :
# BELS                             : 268
#      GND                         : 1
#      LUT3                        : 65
#      LUT4                        : 103
#      MUXCY                       : 63
#      MUXF5                       : 2
#      VCC                         : 1
#      XORCY                       : 33
# IO Buffers                       : 137
#      IBUF                        : 105
#      OBUF                        : 32
=========================================================================

Device utilization summary:
---------------------------

Selected Device : 3s500efg320-4 

 Number of Slices:                       93  out of   4656     1%  
 Number of 4 input LUTs:                168  out of   9312     1%  
 Number of IOs:                         137
 Number of bonded IOBs:                 137  out of    232    59%  

---------------------------
Partition Resource Summary:
---------------------------

  No Partitions were found in this design.

---------------------------


=========================================================================
TIMING REPORT

NOTE: THESE TIMING NUMBERS ARE ONLY A SYNTHESIS ESTIMATE.
      FOR ACCURATE TIMING INFORMATION PLEASE REFER TO THE TRACE REPORT
      GENERATED AFTER PLACE-and-ROUTE.

Clock Information:
------------------
No clock signals found in this design

Asynchronous Control Signals Information:
----------------------------------------
No asynchronous control signals found in this design

Timing Summary:
---------------
Speed Grade: -4

   Minimum period: No path found
   Minimum input arrival time before clock: No path found
   Maximum output required time after clock: No path found
   Maximum combinational path delay: 14.348ns

Timing Detail:
--------------
All values displayed in nanoseconds (ns)

=========================================================================
Timing constraint: Default path analysis
  Total number of paths / destination ports: 8395 / 32
-------------------------------------------------------------------------
Delay:               14.348ns (Levels of Logic = 38)
  Source:            Funct<1> (PAD)
  Destination:       ALU_out<31> (PAD)

  Data Path: Funct<1> to ALU_out<31>
                                Gate     Net
    Cell:in->out      fanout   Delay   Delay  Logical Name (Net Name)
    ----------------------------------------  ------------
     IBUF:I->O            35   1.218   1.438  Funct_1_IBUF (Funct_1_IBUF)
     LUT4:I0->O            1   0.704   0.424  ALU_output_mux000053_SW0 (N136)
     LUT4:I3->O           33   0.704   1.298  ALU_output_mux000053 (ALU_output_mux0000)
     LUT3:I2->O            1   0.704   0.000  Maddsub_ALU_output_addsub0000_lut<0> (Maddsub_ALU_output_addsub0000_lut<0>)
     MUXCY:S->O            1   0.464   0.000  Maddsub_ALU_output_addsub0000_cy<0> (Maddsub_ALU_output_addsub0000_cy<0>)
     MUXCY:CI->O           1   0.059   0.000  Maddsub_ALU_output_addsub0000_cy<1> (Maddsub_ALU_output_addsub0000_cy<1>)
     MUXCY:CI->O           1   0.059   0.000  Maddsub_ALU_output_addsub0000_cy<2> (Maddsub_ALU_output_addsub0000_cy<2>)
     MUXCY:CI->O           1   0.059   0.000  Maddsub_ALU_output_addsub0000_cy<3> (Maddsub_ALU_output_addsub0000_cy<3>)
     MUXCY:CI->O           1   0.059   0.000  Maddsub_ALU_output_addsub0000_cy<4> (Maddsub_ALU_output_addsub0000_cy<4>)
     MUXCY:CI->O           1   0.059   0.000  Maddsub_ALU_output_addsub0000_cy<5> (Maddsub_ALU_output_addsub0000_cy<5>)
     MUXCY:CI->O           1   0.059   0.000  Maddsub_ALU_output_addsub0000_cy<6> (Maddsub_ALU_output_addsub0000_cy<6>)
     MUXCY:CI->O           1   0.059   0.000  Maddsub_ALU_output_addsub0000_cy<7> (Maddsub_ALU_output_addsub0000_cy<7>)
     MUXCY:CI->O           1   0.059   0.000  Maddsub_ALU_output_addsub0000_cy<8> (Maddsub_ALU_output_addsub0000_cy<8>)
     MUXCY:CI->O           1   0.059   0.000  Maddsub_ALU_output_addsub0000_cy<9> (Maddsub_ALU_output_addsub0000_cy<9>)
     MUXCY:CI->O           1   0.059   0.000  Maddsub_ALU_output_addsub0000_cy<10> (Maddsub_ALU_output_addsub0000_cy<10>)
     MUXCY:CI->O           1   0.059   0.000  Maddsub_ALU_output_addsub0000_cy<11> (Maddsub_ALU_output_addsub0000_cy<11>)
     MUXCY:CI->O           1   0.059   0.000  Maddsub_ALU_output_addsub0000_cy<12> (Maddsub_ALU_output_addsub0000_cy<12>)
     MUXCY:CI->O           1   0.059   0.000  Maddsub_ALU_output_addsub0000_cy<13> (Maddsub_ALU_output_addsub0000_cy<13>)
     MUXCY:CI->O           1   0.059   0.000  Maddsub_ALU_output_addsub0000_cy<14> (Maddsub_ALU_output_addsub0000_cy<14>)
     MUXCY:CI->O           1   0.059   0.000  Maddsub_ALU_output_addsub0000_cy<15> (Maddsub_ALU_output_addsub0000_cy<15>)
     MUXCY:CI->O           1   0.059   0.000  Maddsub_ALU_output_addsub0000_cy<16> (Maddsub_ALU_output_addsub0000_cy<16>)
     MUXCY:CI->O           1   0.059   0.000  Maddsub_ALU_output_addsub0000_cy<17> (Maddsub_ALU_output_addsub0000_cy<17>)
     MUXCY:CI->O           1   0.059   0.000  Maddsub_ALU_output_addsub0000_cy<18> (Maddsub_ALU_output_addsub0000_cy<18>)
     MUXCY:CI->O           1   0.059   0.000  Maddsub_ALU_output_addsub0000_cy<19> (Maddsub_ALU_output_addsub0000_cy<19>)
     MUXCY:CI->O           1   0.059   0.000  Maddsub_ALU_output_addsub0000_cy<20> (Maddsub_ALU_output_addsub0000_cy<20>)
     MUXCY:CI->O           1   0.059   0.000  Maddsub_ALU_output_addsub0000_cy<21> (Maddsub_ALU_output_addsub0000_cy<21>)
     MUXCY:CI->O           1   0.059   0.000  Maddsub_ALU_output_addsub0000_cy<22> (Maddsub_ALU_output_addsub0000_cy<22>)
     MUXCY:CI->O           1   0.059   0.000  Maddsub_ALU_output_addsub0000_cy<23> (Maddsub_ALU_output_addsub0000_cy<23>)
     MUXCY:CI->O           1   0.059   0.000  Maddsub_ALU_output_addsub0000_cy<24> (Maddsub_ALU_output_addsub0000_cy<24>)
     MUXCY:CI->O           1   0.059   0.000  Maddsub_ALU_output_addsub0000_cy<25> (Maddsub_ALU_output_addsub0000_cy<25>)
     MUXCY:CI->O           1   0.059   0.000  Maddsub_ALU_output_addsub0000_cy<26> (Maddsub_ALU_output_addsub0000_cy<26>)
     MUXCY:CI->O           1   0.059   0.000  Maddsub_ALU_output_addsub0000_cy<27> (Maddsub_ALU_output_addsub0000_cy<27>)
     MUXCY:CI->O           1   0.059   0.000  Maddsub_ALU_output_addsub0000_cy<28> (Maddsub_ALU_output_addsub0000_cy<28>)
     MUXCY:CI->O           1   0.059   0.000  Maddsub_ALU_output_addsub0000_cy<29> (Maddsub_ALU_output_addsub0000_cy<29>)
     MUXCY:CI->O           0   0.059   0.000  Maddsub_ALU_output_addsub0000_cy<30> (Maddsub_ALU_output_addsub0000_cy<30>)
     XORCY:CI->O           1   0.804   0.424  Maddsub_ALU_output_addsub0000_xor<31> (ALU_output_addsub0000<31>)
     LUT4:I3->O            1   0.704   0.420  ALU_output<31> (ALU_out_31_OBUF)
     OBUF:I->O                 3.272          ALU_out_31_OBUF (ALU_out<31>)
    ----------------------------------------
    Total                     14.348ns (10.344ns logic, 4.004ns route)
                                       (72.1% logic, 27.9% route)

=========================================================================


Total REAL time to Xst completion: 10.00 secs
Total CPU time to Xst completion: 10.10 secs
 
--> 

Total memory usage is 263552 kilobytes

Number of errors   :    0 (   0 filtered)
Number of warnings :    3 (   0 filtered)
Number of infos    :    1 (   0 filtered)

