--------------------------------------------------------------------------------
Release 14.7 Trace  (nt64)
Copyright (c) 1995-2013 Xilinx, Inc.  All rights reserved.

C:\Xilinx\14.7\ISE_DS\ISE\bin\nt64\unwrapped\trce.exe -intstyle ise -v 3 -s 4
-n 3 -fastpaths -xml MIPS_ALU.twx MIPS_ALU.ncd -o MIPS_ALU.twr MIPS_ALU.pcf

Design file:              MIPS_ALU.ncd
Physical constraint file: MIPS_ALU.pcf
Device,package,speed:     xc3s500e,fg320,-4 (PRODUCTION 1.27 2013-10-13)
Report level:             verbose report

Environment Variable      Effect 
--------------------      ------ 
NONE                      No environment variables were set
--------------------------------------------------------------------------------

INFO:Timing:2698 - No timing constraints found, doing default enumeration.
INFO:Timing:3412 - To improve timing, see the Timing Closure User Guide (UG612).
INFO:Timing:2752 - To get complete path coverage, use the unconstrained paths 
   option. All paths that are not constrained will be reported in the 
   unconstrained paths section(s) of the report.
INFO:Timing:3339 - The clock-to-out numbers in this timing report are based on 
   a 50 Ohm transmission line loading model.  For the details of this model, 
   and for more information on accounting for different loading conditions, 
   please see the device datasheet.
INFO:Timing:3390 - This architecture does not support a default System Jitter 
   value, please add SYSTEM_JITTER constraint to the UCF to modify the Clock 
   Uncertainty calculation.
INFO:Timing:3389 - This architecture does not support 'Discrete Jitter' and 
   'Phase Error' calculations, these terms will be zero in the Clock 
   Uncertainty calculation.  Please make appropriate modification to 
   SYSTEM_JITTER to account for the unsupported Discrete Jitter and Phase 
   Error.



Data Sheet report:
-----------------
All values displayed in nanoseconds (ns)

Pad to Pad
---------------+---------------+---------+
Source Pad     |Destination Pad|  Delay  |
---------------+---------------+---------+
ALUOP<0>       |ALU_out<0>     |   12.801|
ALUOP<0>       |ALU_out<1>     |   12.863|
ALUOP<0>       |ALU_out<2>     |   13.086|
ALUOP<0>       |ALU_out<3>     |   13.467|
ALUOP<0>       |ALU_out<4>     |   12.384|
ALUOP<0>       |ALU_out<5>     |   13.910|
ALUOP<0>       |ALU_out<6>     |   13.526|
ALUOP<0>       |ALU_out<7>     |   14.028|
ALUOP<0>       |ALU_out<8>     |   14.159|
ALUOP<0>       |ALU_out<9>     |   14.020|
ALUOP<0>       |ALU_out<10>    |   13.689|
ALUOP<0>       |ALU_out<11>    |   13.664|
ALUOP<0>       |ALU_out<12>    |   13.711|
ALUOP<0>       |ALU_out<13>    |   13.354|
ALUOP<0>       |ALU_out<14>    |   13.180|
ALUOP<0>       |ALU_out<15>    |   13.609|
ALUOP<0>       |ALU_out<16>    |   13.052|
ALUOP<0>       |ALU_out<17>    |   14.023|
ALUOP<0>       |ALU_out<18>    |   13.929|
ALUOP<0>       |ALU_out<19>    |   13.880|
ALUOP<0>       |ALU_out<20>    |   13.637|
ALUOP<0>       |ALU_out<21>    |   14.702|
ALUOP<0>       |ALU_out<22>    |   13.536|
ALUOP<0>       |ALU_out<23>    |   13.256|
ALUOP<0>       |ALU_out<24>    |   13.894|
ALUOP<0>       |ALU_out<25>    |   14.638|
ALUOP<0>       |ALU_out<26>    |   14.140|
ALUOP<0>       |ALU_out<27>    |   14.482|
ALUOP<0>       |ALU_out<28>    |   14.363|
ALUOP<0>       |ALU_out<29>    |   15.422|
ALUOP<0>       |ALU_out<30>    |   13.832|
ALUOP<0>       |ALU_out<31>    |   14.653|
ALUOP<1>       |ALU_out<0>     |   13.576|
ALUOP<1>       |ALU_out<1>     |   13.638|
ALUOP<1>       |ALU_out<2>     |   13.861|
ALUOP<1>       |ALU_out<3>     |   14.242|
ALUOP<1>       |ALU_out<4>     |   13.159|
ALUOP<1>       |ALU_out<5>     |   14.685|
ALUOP<1>       |ALU_out<6>     |   14.301|
ALUOP<1>       |ALU_out<7>     |   14.803|
ALUOP<1>       |ALU_out<8>     |   14.934|
ALUOP<1>       |ALU_out<9>     |   14.795|
ALUOP<1>       |ALU_out<10>    |   14.464|
ALUOP<1>       |ALU_out<11>    |   14.439|
ALUOP<1>       |ALU_out<12>    |   14.486|
ALUOP<1>       |ALU_out<13>    |   14.129|
ALUOP<1>       |ALU_out<14>    |   13.955|
ALUOP<1>       |ALU_out<15>    |   14.384|
ALUOP<1>       |ALU_out<16>    |   13.827|
ALUOP<1>       |ALU_out<17>    |   14.798|
ALUOP<1>       |ALU_out<18>    |   14.704|
ALUOP<1>       |ALU_out<19>    |   14.655|
ALUOP<1>       |ALU_out<20>    |   14.412|
ALUOP<1>       |ALU_out<21>    |   15.477|
ALUOP<1>       |ALU_out<22>    |   14.311|
ALUOP<1>       |ALU_out<23>    |   14.031|
ALUOP<1>       |ALU_out<24>    |   14.669|
ALUOP<1>       |ALU_out<25>    |   15.413|
ALUOP<1>       |ALU_out<26>    |   14.915|
ALUOP<1>       |ALU_out<27>    |   15.257|
ALUOP<1>       |ALU_out<28>    |   15.138|
ALUOP<1>       |ALU_out<29>    |   16.197|
ALUOP<1>       |ALU_out<30>    |   14.607|
ALUOP<1>       |ALU_out<31>    |   15.428|
ALUsrcB        |ALU_out<0>     |   15.699|
ALUsrcB        |ALU_out<1>     |   14.339|
ALUsrcB        |ALU_out<2>     |   14.888|
ALUsrcB        |ALU_out<3>     |   15.269|
ALUsrcB        |ALU_out<4>     |   14.186|
ALUsrcB        |ALU_out<5>     |   15.712|
ALUsrcB        |ALU_out<6>     |   15.257|
ALUsrcB        |ALU_out<7>     |   15.759|
ALUsrcB        |ALU_out<8>     |   15.890|
ALUsrcB        |ALU_out<9>     |   15.751|
ALUsrcB        |ALU_out<10>    |   15.420|
ALUsrcB        |ALU_out<11>    |   15.395|
ALUsrcB        |ALU_out<12>    |   15.442|
ALUsrcB        |ALU_out<13>    |   15.085|
ALUsrcB        |ALU_out<14>    |   14.911|
ALUsrcB        |ALU_out<15>    |   15.340|
ALUsrcB        |ALU_out<16>    |   14.783|
ALUsrcB        |ALU_out<17>    |   15.754|
ALUsrcB        |ALU_out<18>    |   15.660|
ALUsrcB        |ALU_out<19>    |   15.611|
ALUsrcB        |ALU_out<20>    |   15.368|
ALUsrcB        |ALU_out<21>    |   16.433|
ALUsrcB        |ALU_out<22>    |   15.267|
ALUsrcB        |ALU_out<23>    |   14.987|
ALUsrcB        |ALU_out<24>    |   15.625|
ALUsrcB        |ALU_out<25>    |   16.369|
ALUsrcB        |ALU_out<26>    |   15.871|
ALUsrcB        |ALU_out<27>    |   16.213|
ALUsrcB        |ALU_out<28>    |   16.094|
ALUsrcB        |ALU_out<29>    |   17.153|
ALUsrcB        |ALU_out<30>    |   15.563|
ALUsrcB        |ALU_out<31>    |   16.384|
A_in<0>        |ALU_out<0>     |   14.461|
A_in<0>        |ALU_out<1>     |   10.254|
A_in<0>        |ALU_out<2>     |   10.803|
A_in<0>        |ALU_out<3>     |   11.184|
A_in<0>        |ALU_out<4>     |   10.101|
A_in<0>        |ALU_out<5>     |   11.627|
A_in<0>        |ALU_out<6>     |   11.172|
A_in<0>        |ALU_out<7>     |   11.674|
A_in<0>        |ALU_out<8>     |   11.805|
A_in<0>        |ALU_out<9>     |   11.666|
A_in<0>        |ALU_out<10>    |   11.335|
A_in<0>        |ALU_out<11>    |   11.310|
A_in<0>        |ALU_out<12>    |   11.357|
A_in<0>        |ALU_out<13>    |   11.000|
A_in<0>        |ALU_out<14>    |   10.826|
A_in<0>        |ALU_out<15>    |   11.255|
A_in<0>        |ALU_out<16>    |   10.698|
A_in<0>        |ALU_out<17>    |   11.669|
A_in<0>        |ALU_out<18>    |   11.575|
A_in<0>        |ALU_out<19>    |   11.526|
A_in<0>        |ALU_out<20>    |   11.283|
A_in<0>        |ALU_out<21>    |   12.348|
A_in<0>        |ALU_out<22>    |   11.182|
A_in<0>        |ALU_out<23>    |   10.902|
A_in<0>        |ALU_out<24>    |   11.540|
A_in<0>        |ALU_out<25>    |   12.284|
A_in<0>        |ALU_out<26>    |   11.786|
A_in<0>        |ALU_out<27>    |   12.128|
A_in<0>        |ALU_out<28>    |   12.009|
A_in<0>        |ALU_out<29>    |   13.068|
A_in<0>        |ALU_out<30>    |   11.478|
A_in<0>        |ALU_out<31>    |   12.299|
A_in<1>        |ALU_out<0>     |   14.367|
A_in<1>        |ALU_out<1>     |   10.471|
A_in<1>        |ALU_out<2>     |   11.247|
A_in<1>        |ALU_out<3>     |   11.628|
A_in<1>        |ALU_out<4>     |   10.545|
A_in<1>        |ALU_out<5>     |   12.071|
A_in<1>        |ALU_out<6>     |   11.616|
A_in<1>        |ALU_out<7>     |   12.118|
A_in<1>        |ALU_out<8>     |   12.249|
A_in<1>        |ALU_out<9>     |   12.110|
A_in<1>        |ALU_out<10>    |   11.779|
A_in<1>        |ALU_out<11>    |   11.754|
A_in<1>        |ALU_out<12>    |   11.801|
A_in<1>        |ALU_out<13>    |   11.444|
A_in<1>        |ALU_out<14>    |   11.270|
A_in<1>        |ALU_out<15>    |   11.699|
A_in<1>        |ALU_out<16>    |   11.142|
A_in<1>        |ALU_out<17>    |   12.113|
A_in<1>        |ALU_out<18>    |   12.019|
A_in<1>        |ALU_out<19>    |   11.970|
A_in<1>        |ALU_out<20>    |   11.727|
A_in<1>        |ALU_out<21>    |   12.792|
A_in<1>        |ALU_out<22>    |   11.626|
A_in<1>        |ALU_out<23>    |   11.346|
A_in<1>        |ALU_out<24>    |   11.984|
A_in<1>        |ALU_out<25>    |   12.728|
A_in<1>        |ALU_out<26>    |   12.230|
A_in<1>        |ALU_out<27>    |   12.572|
A_in<1>        |ALU_out<28>    |   12.453|
A_in<1>        |ALU_out<29>    |   13.512|
A_in<1>        |ALU_out<30>    |   11.922|
A_in<1>        |ALU_out<31>    |   12.743|
A_in<2>        |ALU_out<0>     |   14.316|
A_in<2>        |ALU_out<2>     |   11.062|
A_in<2>        |ALU_out<3>     |   11.617|
A_in<2>        |ALU_out<4>     |   10.806|
A_in<2>        |ALU_out<5>     |   12.332|
A_in<2>        |ALU_out<6>     |   11.877|
A_in<2>        |ALU_out<7>     |   12.379|
A_in<2>        |ALU_out<8>     |   12.510|
A_in<2>        |ALU_out<9>     |   12.371|
A_in<2>        |ALU_out<10>    |   12.040|
A_in<2>        |ALU_out<11>    |   12.015|
A_in<2>        |ALU_out<12>    |   12.062|
A_in<2>        |ALU_out<13>    |   11.705|
A_in<2>        |ALU_out<14>    |   11.531|
A_in<2>        |ALU_out<15>    |   11.960|
A_in<2>        |ALU_out<16>    |   11.403|
A_in<2>        |ALU_out<17>    |   12.374|
A_in<2>        |ALU_out<18>    |   12.280|
A_in<2>        |ALU_out<19>    |   12.231|
A_in<2>        |ALU_out<20>    |   11.988|
A_in<2>        |ALU_out<21>    |   13.053|
A_in<2>        |ALU_out<22>    |   11.887|
A_in<2>        |ALU_out<23>    |   11.607|
A_in<2>        |ALU_out<24>    |   12.245|
A_in<2>        |ALU_out<25>    |   12.989|
A_in<2>        |ALU_out<26>    |   12.491|
A_in<2>        |ALU_out<27>    |   12.833|
A_in<2>        |ALU_out<28>    |   12.714|
A_in<2>        |ALU_out<29>    |   13.773|
A_in<2>        |ALU_out<30>    |   12.183|
A_in<2>        |ALU_out<31>    |   13.004|
A_in<3>        |ALU_out<0>     |   14.240|
A_in<3>        |ALU_out<3>     |   11.267|
A_in<3>        |ALU_out<4>     |   10.705|
A_in<3>        |ALU_out<5>     |   12.231|
A_in<3>        |ALU_out<6>     |   11.776|
A_in<3>        |ALU_out<7>     |   12.278|
A_in<3>        |ALU_out<8>     |   12.409|
A_in<3>        |ALU_out<9>     |   12.270|
A_in<3>        |ALU_out<10>    |   11.939|
A_in<3>        |ALU_out<11>    |   11.914|
A_in<3>        |ALU_out<12>    |   11.961|
A_in<3>        |ALU_out<13>    |   11.604|
A_in<3>        |ALU_out<14>    |   11.430|
A_in<3>        |ALU_out<15>    |   11.859|
A_in<3>        |ALU_out<16>    |   11.302|
A_in<3>        |ALU_out<17>    |   12.273|
A_in<3>        |ALU_out<18>    |   12.179|
A_in<3>        |ALU_out<19>    |   12.130|
A_in<3>        |ALU_out<20>    |   11.887|
A_in<3>        |ALU_out<21>    |   12.952|
A_in<3>        |ALU_out<22>    |   11.786|
A_in<3>        |ALU_out<23>    |   11.506|
A_in<3>        |ALU_out<24>    |   12.144|
A_in<3>        |ALU_out<25>    |   12.888|
A_in<3>        |ALU_out<26>    |   12.390|
A_in<3>        |ALU_out<27>    |   12.732|
A_in<3>        |ALU_out<28>    |   12.613|
A_in<3>        |ALU_out<29>    |   13.672|
A_in<3>        |ALU_out<30>    |   12.082|
A_in<3>        |ALU_out<31>    |   12.903|
A_in<4>        |ALU_out<0>     |   14.464|
A_in<4>        |ALU_out<4>     |   10.604|
A_in<4>        |ALU_out<5>     |   11.739|
A_in<4>        |ALU_out<6>     |   11.556|
A_in<4>        |ALU_out<7>     |   12.058|
A_in<4>        |ALU_out<8>     |   12.189|
A_in<4>        |ALU_out<9>     |   12.050|
A_in<4>        |ALU_out<10>    |   11.719|
A_in<4>        |ALU_out<11>    |   11.694|
A_in<4>        |ALU_out<12>    |   11.741|
A_in<4>        |ALU_out<13>    |   11.384|
A_in<4>        |ALU_out<14>    |   11.210|
A_in<4>        |ALU_out<15>    |   11.639|
A_in<4>        |ALU_out<16>    |   11.082|
A_in<4>        |ALU_out<17>    |   12.053|
A_in<4>        |ALU_out<18>    |   11.959|
A_in<4>        |ALU_out<19>    |   11.910|
A_in<4>        |ALU_out<20>    |   11.667|
A_in<4>        |ALU_out<21>    |   12.732|
A_in<4>        |ALU_out<22>    |   11.566|
A_in<4>        |ALU_out<23>    |   11.286|
A_in<4>        |ALU_out<24>    |   11.924|
A_in<4>        |ALU_out<25>    |   12.668|
A_in<4>        |ALU_out<26>    |   12.170|
A_in<4>        |ALU_out<27>    |   12.512|
A_in<4>        |ALU_out<28>    |   12.393|
A_in<4>        |ALU_out<29>    |   13.452|
A_in<4>        |ALU_out<30>    |   11.862|
A_in<4>        |ALU_out<31>    |   12.683|
A_in<5>        |ALU_out<0>     |   14.457|
A_in<5>        |ALU_out<5>     |   11.180|
A_in<5>        |ALU_out<6>     |   11.060|
A_in<5>        |ALU_out<7>     |   11.562|
A_in<5>        |ALU_out<8>     |   11.693|
A_in<5>        |ALU_out<9>     |   11.554|
A_in<5>        |ALU_out<10>    |   11.223|
A_in<5>        |ALU_out<11>    |   11.198|
A_in<5>        |ALU_out<12>    |   11.245|
A_in<5>        |ALU_out<13>    |   10.888|
A_in<5>        |ALU_out<14>    |   10.714|
A_in<5>        |ALU_out<15>    |   11.143|
A_in<5>        |ALU_out<16>    |   10.586|
A_in<5>        |ALU_out<17>    |   11.557|
A_in<5>        |ALU_out<18>    |   11.463|
A_in<5>        |ALU_out<19>    |   11.414|
A_in<5>        |ALU_out<20>    |   11.171|
A_in<5>        |ALU_out<21>    |   12.236|
A_in<5>        |ALU_out<22>    |   11.070|
A_in<5>        |ALU_out<23>    |   10.790|
A_in<5>        |ALU_out<24>    |   11.428|
A_in<5>        |ALU_out<25>    |   12.172|
A_in<5>        |ALU_out<26>    |   11.674|
A_in<5>        |ALU_out<27>    |   12.016|
A_in<5>        |ALU_out<28>    |   11.897|
A_in<5>        |ALU_out<29>    |   12.956|
A_in<5>        |ALU_out<30>    |   11.366|
A_in<5>        |ALU_out<31>    |   12.187|
A_in<6>        |ALU_out<0>     |   14.473|
A_in<6>        |ALU_out<6>     |   10.618|
A_in<6>        |ALU_out<7>     |   11.294|
A_in<6>        |ALU_out<8>     |   11.697|
A_in<6>        |ALU_out<9>     |   11.558|
A_in<6>        |ALU_out<10>    |   11.227|
A_in<6>        |ALU_out<11>    |   11.202|
A_in<6>        |ALU_out<12>    |   11.249|
A_in<6>        |ALU_out<13>    |   10.892|
A_in<6>        |ALU_out<14>    |   10.718|
A_in<6>        |ALU_out<15>    |   11.147|
A_in<6>        |ALU_out<16>    |   10.590|
A_in<6>        |ALU_out<17>    |   11.561|
A_in<6>        |ALU_out<18>    |   11.467|
A_in<6>        |ALU_out<19>    |   11.418|
A_in<6>        |ALU_out<20>    |   11.175|
A_in<6>        |ALU_out<21>    |   12.240|
A_in<6>        |ALU_out<22>    |   11.074|
A_in<6>        |ALU_out<23>    |   10.794|
A_in<6>        |ALU_out<24>    |   11.432|
A_in<6>        |ALU_out<25>    |   12.176|
A_in<6>        |ALU_out<26>    |   11.678|
A_in<6>        |ALU_out<27>    |   12.020|
A_in<6>        |ALU_out<28>    |   11.901|
A_in<6>        |ALU_out<29>    |   12.960|
A_in<6>        |ALU_out<30>    |   11.370|
A_in<6>        |ALU_out<31>    |   12.191|
A_in<7>        |ALU_out<0>     |   14.356|
A_in<7>        |ALU_out<7>     |   11.083|
A_in<7>        |ALU_out<8>     |   11.735|
A_in<7>        |ALU_out<9>     |   11.596|
A_in<7>        |ALU_out<10>    |   11.265|
A_in<7>        |ALU_out<11>    |   11.240|
A_in<7>        |ALU_out<12>    |   11.287|
A_in<7>        |ALU_out<13>    |   10.930|
A_in<7>        |ALU_out<14>    |   10.756|
A_in<7>        |ALU_out<15>    |   11.185|
A_in<7>        |ALU_out<16>    |   10.628|
A_in<7>        |ALU_out<17>    |   11.599|
A_in<7>        |ALU_out<18>    |   11.505|
A_in<7>        |ALU_out<19>    |   11.456|
A_in<7>        |ALU_out<20>    |   11.213|
A_in<7>        |ALU_out<21>    |   12.278|
A_in<7>        |ALU_out<22>    |   11.112|
A_in<7>        |ALU_out<23>    |   10.832|
A_in<7>        |ALU_out<24>    |   11.470|
A_in<7>        |ALU_out<25>    |   12.214|
A_in<7>        |ALU_out<26>    |   11.716|
A_in<7>        |ALU_out<27>    |   12.058|
A_in<7>        |ALU_out<28>    |   11.939|
A_in<7>        |ALU_out<29>    |   12.998|
A_in<7>        |ALU_out<30>    |   11.408|
A_in<7>        |ALU_out<31>    |   12.229|
A_in<8>        |ALU_out<0>     |   14.161|
A_in<8>        |ALU_out<8>     |   11.985|
A_in<8>        |ALU_out<9>     |   11.291|
A_in<8>        |ALU_out<10>    |   11.232|
A_in<8>        |ALU_out<11>    |   11.207|
A_in<8>        |ALU_out<12>    |   11.254|
A_in<8>        |ALU_out<13>    |   10.897|
A_in<8>        |ALU_out<14>    |   10.723|
A_in<8>        |ALU_out<15>    |   11.152|
A_in<8>        |ALU_out<16>    |   10.595|
A_in<8>        |ALU_out<17>    |   11.566|
A_in<8>        |ALU_out<18>    |   11.472|
A_in<8>        |ALU_out<19>    |   11.423|
A_in<8>        |ALU_out<20>    |   11.180|
A_in<8>        |ALU_out<21>    |   12.245|
A_in<8>        |ALU_out<22>    |   11.079|
A_in<8>        |ALU_out<23>    |   10.799|
A_in<8>        |ALU_out<24>    |   11.437|
A_in<8>        |ALU_out<25>    |   12.181|
A_in<8>        |ALU_out<26>    |   11.683|
A_in<8>        |ALU_out<27>    |   12.025|
A_in<8>        |ALU_out<28>    |   11.906|
A_in<8>        |ALU_out<29>    |   12.965|
A_in<8>        |ALU_out<30>    |   11.375|
A_in<8>        |ALU_out<31>    |   12.196|
A_in<9>        |ALU_out<0>     |   13.786|
A_in<9>        |ALU_out<9>     |   10.655|
A_in<9>        |ALU_out<10>    |   10.845|
A_in<9>        |ALU_out<11>    |   10.820|
A_in<9>        |ALU_out<12>    |   10.867|
A_in<9>        |ALU_out<13>    |   10.510|
A_in<9>        |ALU_out<14>    |   10.336|
A_in<9>        |ALU_out<15>    |   10.765|
A_in<9>        |ALU_out<16>    |   10.208|
A_in<9>        |ALU_out<17>    |   11.179|
A_in<9>        |ALU_out<18>    |   11.085|
A_in<9>        |ALU_out<19>    |   11.036|
A_in<9>        |ALU_out<20>    |   10.793|
A_in<9>        |ALU_out<21>    |   11.858|
A_in<9>        |ALU_out<22>    |   10.692|
A_in<9>        |ALU_out<23>    |   10.412|
A_in<9>        |ALU_out<24>    |   11.050|
A_in<9>        |ALU_out<25>    |   11.794|
A_in<9>        |ALU_out<26>    |   11.296|
A_in<9>        |ALU_out<27>    |   11.638|
A_in<9>        |ALU_out<28>    |   11.519|
A_in<9>        |ALU_out<29>    |   12.578|
A_in<9>        |ALU_out<30>    |   10.988|
A_in<9>        |ALU_out<31>    |   11.809|
A_in<10>       |ALU_out<0>     |   13.851|
A_in<10>       |ALU_out<10>    |   10.572|
A_in<10>       |ALU_out<11>    |   10.681|
A_in<10>       |ALU_out<12>    |   11.000|
A_in<10>       |ALU_out<13>    |   10.643|
A_in<10>       |ALU_out<14>    |   10.469|
A_in<10>       |ALU_out<15>    |   10.898|
A_in<10>       |ALU_out<16>    |   10.341|
A_in<10>       |ALU_out<17>    |   11.312|
A_in<10>       |ALU_out<18>    |   11.218|
A_in<10>       |ALU_out<19>    |   11.169|
A_in<10>       |ALU_out<20>    |   10.926|
A_in<10>       |ALU_out<21>    |   11.991|
A_in<10>       |ALU_out<22>    |   10.825|
A_in<10>       |ALU_out<23>    |   10.545|
A_in<10>       |ALU_out<24>    |   11.183|
A_in<10>       |ALU_out<25>    |   11.927|
A_in<10>       |ALU_out<26>    |   11.429|
A_in<10>       |ALU_out<27>    |   11.771|
A_in<10>       |ALU_out<28>    |   11.652|
A_in<10>       |ALU_out<29>    |   12.711|
A_in<10>       |ALU_out<30>    |   11.121|
A_in<10>       |ALU_out<31>    |   11.942|
A_in<11>       |ALU_out<0>     |   14.440|
A_in<11>       |ALU_out<11>    |   10.378|
A_in<11>       |ALU_out<12>    |   10.946|
A_in<11>       |ALU_out<13>    |   10.589|
A_in<11>       |ALU_out<14>    |   10.415|
A_in<11>       |ALU_out<15>    |   10.844|
A_in<11>       |ALU_out<16>    |   10.287|
A_in<11>       |ALU_out<17>    |   11.258|
A_in<11>       |ALU_out<18>    |   11.164|
A_in<11>       |ALU_out<19>    |   11.115|
A_in<11>       |ALU_out<20>    |   10.872|
A_in<11>       |ALU_out<21>    |   11.937|
A_in<11>       |ALU_out<22>    |   10.771|
A_in<11>       |ALU_out<23>    |   10.491|
A_in<11>       |ALU_out<24>    |   11.129|
A_in<11>       |ALU_out<25>    |   11.873|
A_in<11>       |ALU_out<26>    |   11.375|
A_in<11>       |ALU_out<27>    |   11.717|
A_in<11>       |ALU_out<28>    |   11.598|
A_in<11>       |ALU_out<29>    |   12.657|
A_in<11>       |ALU_out<30>    |   11.067|
A_in<11>       |ALU_out<31>    |   11.888|
A_in<12>       |ALU_out<0>     |   15.662|
A_in<12>       |ALU_out<12>    |   10.999|
A_in<12>       |ALU_out<13>    |    9.956|
A_in<12>       |ALU_out<14>    |   10.054|
A_in<12>       |ALU_out<15>    |   10.483|
A_in<12>       |ALU_out<16>    |    9.926|
A_in<12>       |ALU_out<17>    |   10.897|
A_in<12>       |ALU_out<18>    |   10.803|
A_in<12>       |ALU_out<19>    |   10.754|
A_in<12>       |ALU_out<20>    |   10.511|
A_in<12>       |ALU_out<21>    |   11.576|
A_in<12>       |ALU_out<22>    |   10.410|
A_in<12>       |ALU_out<23>    |   10.130|
A_in<12>       |ALU_out<24>    |   10.768|
A_in<12>       |ALU_out<25>    |   11.512|
A_in<12>       |ALU_out<26>    |   11.014|
A_in<12>       |ALU_out<27>    |   11.356|
A_in<12>       |ALU_out<28>    |   11.237|
A_in<12>       |ALU_out<29>    |   12.296|
A_in<12>       |ALU_out<30>    |   10.706|
A_in<12>       |ALU_out<31>    |   11.527|
A_in<13>       |ALU_out<0>     |   13.633|
A_in<13>       |ALU_out<13>    |    9.905|
A_in<13>       |ALU_out<14>    |   10.210|
A_in<13>       |ALU_out<15>    |   10.639|
A_in<13>       |ALU_out<16>    |   10.082|
A_in<13>       |ALU_out<17>    |   11.053|
A_in<13>       |ALU_out<18>    |   10.959|
A_in<13>       |ALU_out<19>    |   10.910|
A_in<13>       |ALU_out<20>    |   10.667|
A_in<13>       |ALU_out<21>    |   11.732|
A_in<13>       |ALU_out<22>    |   10.566|
A_in<13>       |ALU_out<23>    |   10.286|
A_in<13>       |ALU_out<24>    |   10.924|
A_in<13>       |ALU_out<25>    |   11.668|
A_in<13>       |ALU_out<26>    |   11.170|
A_in<13>       |ALU_out<27>    |   11.512|
A_in<13>       |ALU_out<28>    |   11.393|
A_in<13>       |ALU_out<29>    |   12.452|
A_in<13>       |ALU_out<30>    |   10.862|
A_in<13>       |ALU_out<31>    |   11.683|
A_in<14>       |ALU_out<0>     |   14.280|
A_in<14>       |ALU_out<14>    |   10.422|
A_in<14>       |ALU_out<15>    |   11.025|
A_in<14>       |ALU_out<16>    |   10.740|
A_in<14>       |ALU_out<17>    |   11.711|
A_in<14>       |ALU_out<18>    |   11.617|
A_in<14>       |ALU_out<19>    |   11.568|
A_in<14>       |ALU_out<20>    |   11.325|
A_in<14>       |ALU_out<21>    |   12.390|
A_in<14>       |ALU_out<22>    |   11.224|
A_in<14>       |ALU_out<23>    |   10.944|
A_in<14>       |ALU_out<24>    |   11.582|
A_in<14>       |ALU_out<25>    |   12.326|
A_in<14>       |ALU_out<26>    |   11.828|
A_in<14>       |ALU_out<27>    |   12.170|
A_in<14>       |ALU_out<28>    |   12.051|
A_in<14>       |ALU_out<29>    |   13.110|
A_in<14>       |ALU_out<30>    |   11.520|
A_in<14>       |ALU_out<31>    |   12.341|
A_in<15>       |ALU_out<0>     |   13.814|
A_in<15>       |ALU_out<15>    |   10.477|
A_in<15>       |ALU_out<16>    |   10.225|
A_in<15>       |ALU_out<17>    |   11.196|
A_in<15>       |ALU_out<18>    |   11.102|
A_in<15>       |ALU_out<19>    |   11.053|
A_in<15>       |ALU_out<20>    |   10.810|
A_in<15>       |ALU_out<21>    |   11.875|
A_in<15>       |ALU_out<22>    |   10.709|
A_in<15>       |ALU_out<23>    |   10.429|
A_in<15>       |ALU_out<24>    |   11.067|
A_in<15>       |ALU_out<25>    |   11.811|
A_in<15>       |ALU_out<26>    |   11.313|
A_in<15>       |ALU_out<27>    |   11.655|
A_in<15>       |ALU_out<28>    |   11.536|
A_in<15>       |ALU_out<29>    |   12.595|
A_in<15>       |ALU_out<30>    |   11.005|
A_in<15>       |ALU_out<31>    |   11.826|
A_in<16>       |ALU_out<0>     |   14.210|
A_in<16>       |ALU_out<16>    |    9.825|
A_in<16>       |ALU_out<17>    |   10.685|
A_in<16>       |ALU_out<18>    |   10.863|
A_in<16>       |ALU_out<19>    |   10.814|
A_in<16>       |ALU_out<20>    |   10.571|
A_in<16>       |ALU_out<21>    |   11.636|
A_in<16>       |ALU_out<22>    |   10.470|
A_in<16>       |ALU_out<23>    |   10.190|
A_in<16>       |ALU_out<24>    |   10.828|
A_in<16>       |ALU_out<25>    |   11.572|
A_in<16>       |ALU_out<26>    |   11.074|
A_in<16>       |ALU_out<27>    |   11.416|
A_in<16>       |ALU_out<28>    |   11.297|
A_in<16>       |ALU_out<29>    |   12.356|
A_in<16>       |ALU_out<30>    |   10.766|
A_in<16>       |ALU_out<31>    |   11.587|
A_in<17>       |ALU_out<0>     |   14.055|
A_in<17>       |ALU_out<17>    |   10.567|
A_in<17>       |ALU_out<18>    |   10.994|
A_in<17>       |ALU_out<19>    |   10.945|
A_in<17>       |ALU_out<20>    |   10.702|
A_in<17>       |ALU_out<21>    |   11.767|
A_in<17>       |ALU_out<22>    |   10.601|
A_in<17>       |ALU_out<23>    |   10.321|
A_in<17>       |ALU_out<24>    |   10.959|
A_in<17>       |ALU_out<25>    |   11.703|
A_in<17>       |ALU_out<26>    |   11.205|
A_in<17>       |ALU_out<27>    |   11.547|
A_in<17>       |ALU_out<28>    |   11.428|
A_in<17>       |ALU_out<29>    |   12.487|
A_in<17>       |ALU_out<30>    |   10.897|
A_in<17>       |ALU_out<31>    |   11.718|
A_in<18>       |ALU_out<0>     |   14.538|
A_in<18>       |ALU_out<18>    |   11.135|
A_in<18>       |ALU_out<19>    |   10.878|
A_in<18>       |ALU_out<20>    |   10.907|
A_in<18>       |ALU_out<21>    |   11.972|
A_in<18>       |ALU_out<22>    |   10.806|
A_in<18>       |ALU_out<23>    |   10.526|
A_in<18>       |ALU_out<24>    |   11.164|
A_in<18>       |ALU_out<25>    |   11.908|
A_in<18>       |ALU_out<26>    |   11.410|
A_in<18>       |ALU_out<27>    |   11.752|
A_in<18>       |ALU_out<28>    |   11.633|
A_in<18>       |ALU_out<29>    |   12.692|
A_in<18>       |ALU_out<30>    |   11.102|
A_in<18>       |ALU_out<31>    |   11.923|
A_in<19>       |ALU_out<0>     |   13.644|
A_in<19>       |ALU_out<19>    |   10.394|
A_in<19>       |ALU_out<20>    |   10.672|
A_in<19>       |ALU_out<21>    |   11.737|
A_in<19>       |ALU_out<22>    |   10.571|
A_in<19>       |ALU_out<23>    |   10.291|
A_in<19>       |ALU_out<24>    |   10.929|
A_in<19>       |ALU_out<25>    |   11.673|
A_in<19>       |ALU_out<26>    |   11.175|
A_in<19>       |ALU_out<27>    |   11.517|
A_in<19>       |ALU_out<28>    |   11.398|
A_in<19>       |ALU_out<29>    |   12.457|
A_in<19>       |ALU_out<30>    |   10.867|
A_in<19>       |ALU_out<31>    |   11.688|
A_in<20>       |ALU_out<0>     |   14.192|
A_in<20>       |ALU_out<20>    |   10.299|
A_in<20>       |ALU_out<21>    |   11.538|
A_in<20>       |ALU_out<22>    |   10.644|
A_in<20>       |ALU_out<23>    |   10.364|
A_in<20>       |ALU_out<24>    |   11.002|
A_in<20>       |ALU_out<25>    |   11.746|
A_in<20>       |ALU_out<26>    |   11.248|
A_in<20>       |ALU_out<27>    |   11.590|
A_in<20>       |ALU_out<28>    |   11.471|
A_in<20>       |ALU_out<29>    |   12.530|
A_in<20>       |ALU_out<30>    |   10.940|
A_in<20>       |ALU_out<31>    |   11.761|
A_in<21>       |ALU_out<0>     |   14.707|
A_in<21>       |ALU_out<21>    |   13.301|
A_in<21>       |ALU_out<22>    |   12.656|
A_in<21>       |ALU_out<23>    |   12.376|
A_in<21>       |ALU_out<24>    |   13.014|
A_in<21>       |ALU_out<25>    |   13.758|
A_in<21>       |ALU_out<26>    |   13.260|
A_in<21>       |ALU_out<27>    |   13.602|
A_in<21>       |ALU_out<28>    |   13.483|
A_in<21>       |ALU_out<29>    |   14.542|
A_in<21>       |ALU_out<30>    |   12.952|
A_in<21>       |ALU_out<31>    |   13.773|
A_in<22>       |ALU_out<0>     |   14.673|
A_in<22>       |ALU_out<22>    |   10.982|
A_in<22>       |ALU_out<23>    |   10.860|
A_in<22>       |ALU_out<24>    |   11.770|
A_in<22>       |ALU_out<25>    |   12.514|
A_in<22>       |ALU_out<26>    |   12.016|
A_in<22>       |ALU_out<27>    |   12.358|
A_in<22>       |ALU_out<28>    |   12.239|
A_in<22>       |ALU_out<29>    |   13.298|
A_in<22>       |ALU_out<30>    |   11.708|
A_in<22>       |ALU_out<31>    |   12.529|
A_in<23>       |ALU_out<0>     |   14.049|
A_in<23>       |ALU_out<23>    |   10.187|
A_in<23>       |ALU_out<24>    |   10.657|
A_in<23>       |ALU_out<25>    |   11.401|
A_in<23>       |ALU_out<26>    |   10.903|
A_in<23>       |ALU_out<27>    |   11.245|
A_in<23>       |ALU_out<28>    |   11.126|
A_in<23>       |ALU_out<29>    |   12.185|
A_in<23>       |ALU_out<30>    |   10.595|
A_in<23>       |ALU_out<31>    |   11.416|
A_in<24>       |ALU_out<0>     |   14.399|
A_in<24>       |ALU_out<24>    |   11.202|
A_in<24>       |ALU_out<25>    |   12.120|
A_in<24>       |ALU_out<26>    |   11.894|
A_in<24>       |ALU_out<27>    |   12.236|
A_in<24>       |ALU_out<28>    |   12.117|
A_in<24>       |ALU_out<29>    |   13.176|
A_in<24>       |ALU_out<30>    |   11.586|
A_in<24>       |ALU_out<31>    |   12.407|
A_in<25>       |ALU_out<0>     |   14.926|
A_in<25>       |ALU_out<25>    |   12.089|
A_in<25>       |ALU_out<26>    |   12.112|
A_in<25>       |ALU_out<27>    |   12.454|
A_in<25>       |ALU_out<28>    |   12.335|
A_in<25>       |ALU_out<29>    |   13.394|
A_in<25>       |ALU_out<30>    |   11.804|
A_in<25>       |ALU_out<31>    |   12.625|
A_in<26>       |ALU_out<0>     |   14.164|
A_in<26>       |ALU_out<26>    |   12.170|
A_in<26>       |ALU_out<27>    |   12.686|
A_in<26>       |ALU_out<28>    |   12.839|
A_in<26>       |ALU_out<29>    |   13.898|
A_in<26>       |ALU_out<30>    |   12.308|
A_in<26>       |ALU_out<31>    |   13.129|
A_in<27>       |ALU_out<0>     |   14.277|
A_in<27>       |ALU_out<27>    |   12.321|
A_in<27>       |ALU_out<28>    |   12.723|
A_in<27>       |ALU_out<29>    |   13.782|
A_in<27>       |ALU_out<30>    |   12.192|
A_in<27>       |ALU_out<31>    |   13.013|
A_in<28>       |ALU_out<0>     |   14.005|
A_in<28>       |ALU_out<28>    |   11.130|
A_in<28>       |ALU_out<29>    |   12.176|
A_in<28>       |ALU_out<30>    |   10.858|
A_in<28>       |ALU_out<31>    |   11.679|
A_in<29>       |ALU_out<0>     |   14.307|
A_in<29>       |ALU_out<29>    |   11.638|
A_in<29>       |ALU_out<30>    |   10.569|
A_in<29>       |ALU_out<31>    |   11.390|
A_in<30>       |ALU_out<0>     |   14.076|
A_in<30>       |ALU_out<30>    |   10.820|
A_in<30>       |ALU_out<31>    |   11.472|
A_in<31>       |ALU_out<0>     |   13.979|
A_in<31>       |ALU_out<31>    |   11.247|
B_in<0>        |ALU_out<0>     |   14.892|
B_in<0>        |ALU_out<1>     |   12.880|
B_in<0>        |ALU_out<2>     |   13.429|
B_in<0>        |ALU_out<3>     |   13.810|
B_in<0>        |ALU_out<4>     |   12.727|
B_in<0>        |ALU_out<5>     |   14.253|
B_in<0>        |ALU_out<6>     |   13.798|
B_in<0>        |ALU_out<7>     |   14.300|
B_in<0>        |ALU_out<8>     |   14.431|
B_in<0>        |ALU_out<9>     |   14.292|
B_in<0>        |ALU_out<10>    |   13.961|
B_in<0>        |ALU_out<11>    |   13.936|
B_in<0>        |ALU_out<12>    |   13.983|
B_in<0>        |ALU_out<13>    |   13.626|
B_in<0>        |ALU_out<14>    |   13.452|
B_in<0>        |ALU_out<15>    |   13.881|
B_in<0>        |ALU_out<16>    |   13.324|
B_in<0>        |ALU_out<17>    |   14.295|
B_in<0>        |ALU_out<18>    |   14.201|
B_in<0>        |ALU_out<19>    |   14.152|
B_in<0>        |ALU_out<20>    |   13.909|
B_in<0>        |ALU_out<21>    |   14.974|
B_in<0>        |ALU_out<22>    |   13.808|
B_in<0>        |ALU_out<23>    |   13.528|
B_in<0>        |ALU_out<24>    |   14.166|
B_in<0>        |ALU_out<25>    |   14.910|
B_in<0>        |ALU_out<26>    |   14.412|
B_in<0>        |ALU_out<27>    |   14.754|
B_in<0>        |ALU_out<28>    |   14.635|
B_in<0>        |ALU_out<29>    |   15.694|
B_in<0>        |ALU_out<30>    |   14.104|
B_in<0>        |ALU_out<31>    |   14.925|
B_in<1>        |ALU_out<0>     |   14.443|
B_in<1>        |ALU_out<1>     |   13.305|
B_in<1>        |ALU_out<2>     |   14.103|
B_in<1>        |ALU_out<3>     |   14.484|
B_in<1>        |ALU_out<4>     |   13.401|
B_in<1>        |ALU_out<5>     |   14.927|
B_in<1>        |ALU_out<6>     |   14.472|
B_in<1>        |ALU_out<7>     |   14.974|
B_in<1>        |ALU_out<8>     |   15.105|
B_in<1>        |ALU_out<9>     |   14.966|
B_in<1>        |ALU_out<10>    |   14.635|
B_in<1>        |ALU_out<11>    |   14.610|
B_in<1>        |ALU_out<12>    |   14.657|
B_in<1>        |ALU_out<13>    |   14.300|
B_in<1>        |ALU_out<14>    |   14.126|
B_in<1>        |ALU_out<15>    |   14.555|
B_in<1>        |ALU_out<16>    |   13.998|
B_in<1>        |ALU_out<17>    |   14.969|
B_in<1>        |ALU_out<18>    |   14.875|
B_in<1>        |ALU_out<19>    |   14.826|
B_in<1>        |ALU_out<20>    |   14.583|
B_in<1>        |ALU_out<21>    |   15.648|
B_in<1>        |ALU_out<22>    |   14.482|
B_in<1>        |ALU_out<23>    |   14.202|
B_in<1>        |ALU_out<24>    |   14.840|
B_in<1>        |ALU_out<25>    |   15.584|
B_in<1>        |ALU_out<26>    |   15.086|
B_in<1>        |ALU_out<27>    |   15.428|
B_in<1>        |ALU_out<28>    |   15.309|
B_in<1>        |ALU_out<29>    |   16.368|
B_in<1>        |ALU_out<30>    |   14.778|
B_in<1>        |ALU_out<31>    |   15.599|
B_in<2>        |ALU_out<0>     |   14.913|
B_in<2>        |ALU_out<2>     |   12.636|
B_in<2>        |ALU_out<3>     |   13.191|
B_in<2>        |ALU_out<4>     |   12.380|
B_in<2>        |ALU_out<5>     |   13.906|
B_in<2>        |ALU_out<6>     |   13.451|
B_in<2>        |ALU_out<7>     |   13.953|
B_in<2>        |ALU_out<8>     |   14.084|
B_in<2>        |ALU_out<9>     |   13.945|
B_in<2>        |ALU_out<10>    |   13.614|
B_in<2>        |ALU_out<11>    |   13.589|
B_in<2>        |ALU_out<12>    |   13.636|
B_in<2>        |ALU_out<13>    |   13.279|
B_in<2>        |ALU_out<14>    |   13.105|
B_in<2>        |ALU_out<15>    |   13.534|
B_in<2>        |ALU_out<16>    |   12.977|
B_in<2>        |ALU_out<17>    |   13.948|
B_in<2>        |ALU_out<18>    |   13.854|
B_in<2>        |ALU_out<19>    |   13.805|
B_in<2>        |ALU_out<20>    |   13.562|
B_in<2>        |ALU_out<21>    |   14.627|
B_in<2>        |ALU_out<22>    |   13.461|
B_in<2>        |ALU_out<23>    |   13.181|
B_in<2>        |ALU_out<24>    |   13.819|
B_in<2>        |ALU_out<25>    |   14.563|
B_in<2>        |ALU_out<26>    |   14.065|
B_in<2>        |ALU_out<27>    |   14.407|
B_in<2>        |ALU_out<28>    |   14.288|
B_in<2>        |ALU_out<29>    |   15.347|
B_in<2>        |ALU_out<30>    |   13.757|
B_in<2>        |ALU_out<31>    |   14.578|
B_in<3>        |ALU_out<0>     |   15.059|
B_in<3>        |ALU_out<3>     |   12.786|
B_in<3>        |ALU_out<4>     |   12.224|
B_in<3>        |ALU_out<5>     |   13.750|
B_in<3>        |ALU_out<6>     |   13.295|
B_in<3>        |ALU_out<7>     |   13.797|
B_in<3>        |ALU_out<8>     |   13.928|
B_in<3>        |ALU_out<9>     |   13.789|
B_in<3>        |ALU_out<10>    |   13.458|
B_in<3>        |ALU_out<11>    |   13.433|
B_in<3>        |ALU_out<12>    |   13.480|
B_in<3>        |ALU_out<13>    |   13.123|
B_in<3>        |ALU_out<14>    |   12.949|
B_in<3>        |ALU_out<15>    |   13.378|
B_in<3>        |ALU_out<16>    |   12.821|
B_in<3>        |ALU_out<17>    |   13.792|
B_in<3>        |ALU_out<18>    |   13.698|
B_in<3>        |ALU_out<19>    |   13.649|
B_in<3>        |ALU_out<20>    |   13.406|
B_in<3>        |ALU_out<21>    |   14.471|
B_in<3>        |ALU_out<22>    |   13.305|
B_in<3>        |ALU_out<23>    |   13.025|
B_in<3>        |ALU_out<24>    |   13.663|
B_in<3>        |ALU_out<25>    |   14.407|
B_in<3>        |ALU_out<26>    |   13.909|
B_in<3>        |ALU_out<27>    |   14.251|
B_in<3>        |ALU_out<28>    |   14.132|
B_in<3>        |ALU_out<29>    |   15.191|
B_in<3>        |ALU_out<30>    |   13.601|
B_in<3>        |ALU_out<31>    |   14.422|
B_in<4>        |ALU_out<0>     |   14.859|
B_in<4>        |ALU_out<4>     |   11.910|
B_in<4>        |ALU_out<5>     |   13.610|
B_in<4>        |ALU_out<6>     |   13.427|
B_in<4>        |ALU_out<7>     |   13.929|
B_in<4>        |ALU_out<8>     |   14.060|
B_in<4>        |ALU_out<9>     |   13.921|
B_in<4>        |ALU_out<10>    |   13.590|
B_in<4>        |ALU_out<11>    |   13.565|
B_in<4>        |ALU_out<12>    |   13.612|
B_in<4>        |ALU_out<13>    |   13.255|
B_in<4>        |ALU_out<14>    |   13.081|
B_in<4>        |ALU_out<15>    |   13.510|
B_in<4>        |ALU_out<16>    |   12.953|
B_in<4>        |ALU_out<17>    |   13.924|
B_in<4>        |ALU_out<18>    |   13.830|
B_in<4>        |ALU_out<19>    |   13.781|
B_in<4>        |ALU_out<20>    |   13.538|
B_in<4>        |ALU_out<21>    |   14.603|
B_in<4>        |ALU_out<22>    |   13.437|
B_in<4>        |ALU_out<23>    |   13.157|
B_in<4>        |ALU_out<24>    |   13.795|
B_in<4>        |ALU_out<25>    |   14.539|
B_in<4>        |ALU_out<26>    |   14.041|
B_in<4>        |ALU_out<27>    |   14.383|
B_in<4>        |ALU_out<28>    |   14.264|
B_in<4>        |ALU_out<29>    |   15.323|
B_in<4>        |ALU_out<30>    |   13.733|
B_in<4>        |ALU_out<31>    |   14.554|
B_in<5>        |ALU_out<0>     |   14.425|
B_in<5>        |ALU_out<5>     |   13.093|
B_in<5>        |ALU_out<6>     |   13.159|
B_in<5>        |ALU_out<7>     |   13.661|
B_in<5>        |ALU_out<8>     |   13.792|
B_in<5>        |ALU_out<9>     |   13.653|
B_in<5>        |ALU_out<10>    |   13.322|
B_in<5>        |ALU_out<11>    |   13.297|
B_in<5>        |ALU_out<12>    |   13.344|
B_in<5>        |ALU_out<13>    |   12.987|
B_in<5>        |ALU_out<14>    |   12.813|
B_in<5>        |ALU_out<15>    |   13.242|
B_in<5>        |ALU_out<16>    |   12.685|
B_in<5>        |ALU_out<17>    |   13.656|
B_in<5>        |ALU_out<18>    |   13.562|
B_in<5>        |ALU_out<19>    |   13.513|
B_in<5>        |ALU_out<20>    |   13.270|
B_in<5>        |ALU_out<21>    |   14.335|
B_in<5>        |ALU_out<22>    |   13.169|
B_in<5>        |ALU_out<23>    |   12.889|
B_in<5>        |ALU_out<24>    |   13.527|
B_in<5>        |ALU_out<25>    |   14.271|
B_in<5>        |ALU_out<26>    |   13.773|
B_in<5>        |ALU_out<27>    |   14.115|
B_in<5>        |ALU_out<28>    |   13.996|
B_in<5>        |ALU_out<29>    |   15.055|
B_in<5>        |ALU_out<30>    |   13.465|
B_in<5>        |ALU_out<31>    |   14.286|
B_in<6>        |ALU_out<0>     |   14.578|
B_in<6>        |ALU_out<6>     |   13.297|
B_in<6>        |ALU_out<7>     |   13.973|
B_in<6>        |ALU_out<8>     |   14.376|
B_in<6>        |ALU_out<9>     |   14.237|
B_in<6>        |ALU_out<10>    |   13.906|
B_in<6>        |ALU_out<11>    |   13.881|
B_in<6>        |ALU_out<12>    |   13.928|
B_in<6>        |ALU_out<13>    |   13.571|
B_in<6>        |ALU_out<14>    |   13.397|
B_in<6>        |ALU_out<15>    |   13.826|
B_in<6>        |ALU_out<16>    |   13.269|
B_in<6>        |ALU_out<17>    |   14.240|
B_in<6>        |ALU_out<18>    |   14.146|
B_in<6>        |ALU_out<19>    |   14.097|
B_in<6>        |ALU_out<20>    |   13.854|
B_in<6>        |ALU_out<21>    |   14.919|
B_in<6>        |ALU_out<22>    |   13.753|
B_in<6>        |ALU_out<23>    |   13.473|
B_in<6>        |ALU_out<24>    |   14.111|
B_in<6>        |ALU_out<25>    |   14.855|
B_in<6>        |ALU_out<26>    |   14.357|
B_in<6>        |ALU_out<27>    |   14.699|
B_in<6>        |ALU_out<28>    |   14.580|
B_in<6>        |ALU_out<29>    |   15.639|
B_in<6>        |ALU_out<30>    |   14.049|
B_in<6>        |ALU_out<31>    |   14.870|
B_in<7>        |ALU_out<0>     |   13.722|
B_in<7>        |ALU_out<7>     |   13.627|
B_in<7>        |ALU_out<8>     |   14.279|
B_in<7>        |ALU_out<9>     |   14.140|
B_in<7>        |ALU_out<10>    |   13.809|
B_in<7>        |ALU_out<11>    |   13.784|
B_in<7>        |ALU_out<12>    |   13.831|
B_in<7>        |ALU_out<13>    |   13.474|
B_in<7>        |ALU_out<14>    |   13.300|
B_in<7>        |ALU_out<15>    |   13.729|
B_in<7>        |ALU_out<16>    |   13.172|
B_in<7>        |ALU_out<17>    |   14.143|
B_in<7>        |ALU_out<18>    |   14.049|
B_in<7>        |ALU_out<19>    |   14.000|
B_in<7>        |ALU_out<20>    |   13.757|
B_in<7>        |ALU_out<21>    |   14.822|
B_in<7>        |ALU_out<22>    |   13.656|
B_in<7>        |ALU_out<23>    |   13.376|
B_in<7>        |ALU_out<24>    |   14.014|
B_in<7>        |ALU_out<25>    |   14.758|
B_in<7>        |ALU_out<26>    |   14.260|
B_in<7>        |ALU_out<27>    |   14.602|
B_in<7>        |ALU_out<28>    |   14.483|
B_in<7>        |ALU_out<29>    |   15.542|
B_in<7>        |ALU_out<30>    |   13.952|
B_in<7>        |ALU_out<31>    |   14.773|
B_in<8>        |ALU_out<0>     |   14.751|
B_in<8>        |ALU_out<8>     |   13.547|
B_in<8>        |ALU_out<9>     |   13.582|
B_in<8>        |ALU_out<10>    |   13.523|
B_in<8>        |ALU_out<11>    |   13.498|
B_in<8>        |ALU_out<12>    |   13.545|
B_in<8>        |ALU_out<13>    |   13.188|
B_in<8>        |ALU_out<14>    |   13.014|
B_in<8>        |ALU_out<15>    |   13.443|
B_in<8>        |ALU_out<16>    |   12.886|
B_in<8>        |ALU_out<17>    |   13.857|
B_in<8>        |ALU_out<18>    |   13.763|
B_in<8>        |ALU_out<19>    |   13.714|
B_in<8>        |ALU_out<20>    |   13.471|
B_in<8>        |ALU_out<21>    |   14.536|
B_in<8>        |ALU_out<22>    |   13.370|
B_in<8>        |ALU_out<23>    |   13.090|
B_in<8>        |ALU_out<24>    |   13.728|
B_in<8>        |ALU_out<25>    |   14.472|
B_in<8>        |ALU_out<26>    |   13.974|
B_in<8>        |ALU_out<27>    |   14.316|
B_in<8>        |ALU_out<28>    |   14.197|
B_in<8>        |ALU_out<29>    |   15.256|
B_in<8>        |ALU_out<30>    |   13.666|
B_in<8>        |ALU_out<31>    |   14.487|
B_in<9>        |ALU_out<0>     |   13.845|
B_in<9>        |ALU_out<9>     |   12.687|
B_in<9>        |ALU_out<10>    |   12.877|
B_in<9>        |ALU_out<11>    |   12.852|
B_in<9>        |ALU_out<12>    |   12.899|
B_in<9>        |ALU_out<13>    |   12.542|
B_in<9>        |ALU_out<14>    |   12.368|
B_in<9>        |ALU_out<15>    |   12.797|
B_in<9>        |ALU_out<16>    |   12.240|
B_in<9>        |ALU_out<17>    |   13.211|
B_in<9>        |ALU_out<18>    |   13.117|
B_in<9>        |ALU_out<19>    |   13.068|
B_in<9>        |ALU_out<20>    |   12.825|
B_in<9>        |ALU_out<21>    |   13.890|
B_in<9>        |ALU_out<22>    |   12.724|
B_in<9>        |ALU_out<23>    |   12.444|
B_in<9>        |ALU_out<24>    |   13.082|
B_in<9>        |ALU_out<25>    |   13.826|
B_in<9>        |ALU_out<26>    |   13.328|
B_in<9>        |ALU_out<27>    |   13.670|
B_in<9>        |ALU_out<28>    |   13.551|
B_in<9>        |ALU_out<29>    |   14.610|
B_in<9>        |ALU_out<30>    |   13.020|
B_in<9>        |ALU_out<31>    |   13.841|
B_in<10>       |ALU_out<0>     |   13.937|
B_in<10>       |ALU_out<10>    |   12.974|
B_in<10>       |ALU_out<11>    |   13.123|
B_in<10>       |ALU_out<12>    |   13.442|
B_in<10>       |ALU_out<13>    |   13.085|
B_in<10>       |ALU_out<14>    |   12.911|
B_in<10>       |ALU_out<15>    |   13.340|
B_in<10>       |ALU_out<16>    |   12.783|
B_in<10>       |ALU_out<17>    |   13.754|
B_in<10>       |ALU_out<18>    |   13.660|
B_in<10>       |ALU_out<19>    |   13.611|
B_in<10>       |ALU_out<20>    |   13.368|
B_in<10>       |ALU_out<21>    |   14.433|
B_in<10>       |ALU_out<22>    |   13.267|
B_in<10>       |ALU_out<23>    |   12.987|
B_in<10>       |ALU_out<24>    |   13.625|
B_in<10>       |ALU_out<25>    |   14.369|
B_in<10>       |ALU_out<26>    |   13.871|
B_in<10>       |ALU_out<27>    |   14.213|
B_in<10>       |ALU_out<28>    |   14.094|
B_in<10>       |ALU_out<29>    |   15.153|
B_in<10>       |ALU_out<30>    |   13.563|
B_in<10>       |ALU_out<31>    |   14.384|
B_in<11>       |ALU_out<0>     |   13.439|
B_in<11>       |ALU_out<11>    |   12.628|
B_in<11>       |ALU_out<12>    |   13.196|
B_in<11>       |ALU_out<13>    |   12.839|
B_in<11>       |ALU_out<14>    |   12.665|
B_in<11>       |ALU_out<15>    |   13.094|
B_in<11>       |ALU_out<16>    |   12.537|
B_in<11>       |ALU_out<17>    |   13.508|
B_in<11>       |ALU_out<18>    |   13.414|
B_in<11>       |ALU_out<19>    |   13.365|
B_in<11>       |ALU_out<20>    |   13.122|
B_in<11>       |ALU_out<21>    |   14.187|
B_in<11>       |ALU_out<22>    |   13.021|
B_in<11>       |ALU_out<23>    |   12.741|
B_in<11>       |ALU_out<24>    |   13.379|
B_in<11>       |ALU_out<25>    |   14.123|
B_in<11>       |ALU_out<26>    |   13.625|
B_in<11>       |ALU_out<27>    |   13.967|
B_in<11>       |ALU_out<28>    |   13.848|
B_in<11>       |ALU_out<29>    |   14.907|
B_in<11>       |ALU_out<30>    |   13.317|
B_in<11>       |ALU_out<31>    |   14.138|
B_in<12>       |ALU_out<0>     |   13.983|
B_in<12>       |ALU_out<12>    |   12.172|
B_in<12>       |ALU_out<13>    |   11.989|
B_in<12>       |ALU_out<14>    |   12.087|
B_in<12>       |ALU_out<15>    |   12.516|
B_in<12>       |ALU_out<16>    |   11.959|
B_in<12>       |ALU_out<17>    |   12.930|
B_in<12>       |ALU_out<18>    |   12.836|
B_in<12>       |ALU_out<19>    |   12.787|
B_in<12>       |ALU_out<20>    |   12.544|
B_in<12>       |ALU_out<21>    |   13.609|
B_in<12>       |ALU_out<22>    |   12.443|
B_in<12>       |ALU_out<23>    |   12.163|
B_in<12>       |ALU_out<24>    |   12.801|
B_in<12>       |ALU_out<25>    |   13.545|
B_in<12>       |ALU_out<26>    |   13.047|
B_in<12>       |ALU_out<27>    |   13.389|
B_in<12>       |ALU_out<28>    |   13.270|
B_in<12>       |ALU_out<29>    |   14.329|
B_in<12>       |ALU_out<30>    |   12.739|
B_in<12>       |ALU_out<31>    |   13.560|
B_in<13>       |ALU_out<0>     |   13.317|
B_in<13>       |ALU_out<13>    |   11.732|
B_in<13>       |ALU_out<14>    |   12.079|
B_in<13>       |ALU_out<15>    |   12.508|
B_in<13>       |ALU_out<16>    |   11.951|
B_in<13>       |ALU_out<17>    |   12.922|
B_in<13>       |ALU_out<18>    |   12.828|
B_in<13>       |ALU_out<19>    |   12.779|
B_in<13>       |ALU_out<20>    |   12.536|
B_in<13>       |ALU_out<21>    |   13.601|
B_in<13>       |ALU_out<22>    |   12.435|
B_in<13>       |ALU_out<23>    |   12.155|
B_in<13>       |ALU_out<24>    |   12.793|
B_in<13>       |ALU_out<25>    |   13.537|
B_in<13>       |ALU_out<26>    |   13.039|
B_in<13>       |ALU_out<27>    |   13.381|
B_in<13>       |ALU_out<28>    |   13.262|
B_in<13>       |ALU_out<29>    |   14.321|
B_in<13>       |ALU_out<30>    |   12.731|
B_in<13>       |ALU_out<31>    |   13.552|
B_in<14>       |ALU_out<0>     |   13.931|
B_in<14>       |ALU_out<14>    |   12.032|
B_in<14>       |ALU_out<15>    |   12.635|
B_in<14>       |ALU_out<16>    |   12.350|
B_in<14>       |ALU_out<17>    |   13.321|
B_in<14>       |ALU_out<18>    |   13.227|
B_in<14>       |ALU_out<19>    |   13.178|
B_in<14>       |ALU_out<20>    |   12.935|
B_in<14>       |ALU_out<21>    |   14.000|
B_in<14>       |ALU_out<22>    |   12.834|
B_in<14>       |ALU_out<23>    |   12.554|
B_in<14>       |ALU_out<24>    |   13.192|
B_in<14>       |ALU_out<25>    |   13.936|
B_in<14>       |ALU_out<26>    |   13.438|
B_in<14>       |ALU_out<27>    |   13.780|
B_in<14>       |ALU_out<28>    |   13.661|
B_in<14>       |ALU_out<29>    |   14.720|
B_in<14>       |ALU_out<30>    |   13.130|
B_in<14>       |ALU_out<31>    |   13.951|
B_in<15>       |ALU_out<0>     |   13.199|
B_in<15>       |ALU_out<15>    |   11.457|
B_in<15>       |ALU_out<16>    |   11.421|
B_in<15>       |ALU_out<17>    |   12.392|
B_in<15>       |ALU_out<18>    |   12.298|
B_in<15>       |ALU_out<19>    |   12.249|
B_in<15>       |ALU_out<20>    |   12.006|
B_in<15>       |ALU_out<21>    |   13.071|
B_in<15>       |ALU_out<22>    |   11.905|
B_in<15>       |ALU_out<23>    |   11.625|
B_in<15>       |ALU_out<24>    |   12.263|
B_in<15>       |ALU_out<25>    |   13.007|
B_in<15>       |ALU_out<26>    |   12.509|
B_in<15>       |ALU_out<27>    |   12.851|
B_in<15>       |ALU_out<28>    |   12.732|
B_in<15>       |ALU_out<29>    |   13.791|
B_in<15>       |ALU_out<30>    |   12.201|
B_in<15>       |ALU_out<31>    |   13.022|
B_in<16>       |ALU_out<0>     |   13.221|
B_in<16>       |ALU_out<16>    |   11.381|
B_in<16>       |ALU_out<17>    |   12.526|
B_in<16>       |ALU_out<18>    |   12.704|
B_in<16>       |ALU_out<19>    |   12.655|
B_in<16>       |ALU_out<20>    |   12.412|
B_in<16>       |ALU_out<21>    |   13.477|
B_in<16>       |ALU_out<22>    |   12.311|
B_in<16>       |ALU_out<23>    |   12.031|
B_in<16>       |ALU_out<24>    |   12.669|
B_in<16>       |ALU_out<25>    |   13.413|
B_in<16>       |ALU_out<26>    |   12.915|
B_in<16>       |ALU_out<27>    |   13.257|
B_in<16>       |ALU_out<28>    |   13.138|
B_in<16>       |ALU_out<29>    |   14.197|
B_in<16>       |ALU_out<30>    |   12.607|
B_in<16>       |ALU_out<31>    |   13.428|
B_in<17>       |ALU_out<0>     |   14.415|
B_in<17>       |ALU_out<17>    |   12.810|
B_in<17>       |ALU_out<18>    |   13.237|
B_in<17>       |ALU_out<19>    |   13.188|
B_in<17>       |ALU_out<20>    |   12.945|
B_in<17>       |ALU_out<21>    |   14.010|
B_in<17>       |ALU_out<22>    |   12.844|
B_in<17>       |ALU_out<23>    |   12.564|
B_in<17>       |ALU_out<24>    |   13.202|
B_in<17>       |ALU_out<25>    |   13.946|
B_in<17>       |ALU_out<26>    |   13.448|
B_in<17>       |ALU_out<27>    |   13.790|
B_in<17>       |ALU_out<28>    |   13.671|
B_in<17>       |ALU_out<29>    |   14.730|
B_in<17>       |ALU_out<30>    |   13.140|
B_in<17>       |ALU_out<31>    |   13.961|
B_in<18>       |ALU_out<0>     |   13.136|
B_in<18>       |ALU_out<18>    |   12.910|
B_in<18>       |ALU_out<19>    |   13.035|
B_in<18>       |ALU_out<20>    |   13.064|
B_in<18>       |ALU_out<21>    |   14.129|
B_in<18>       |ALU_out<22>    |   12.963|
B_in<18>       |ALU_out<23>    |   12.683|
B_in<18>       |ALU_out<24>    |   13.321|
B_in<18>       |ALU_out<25>    |   14.065|
B_in<18>       |ALU_out<26>    |   13.567|
B_in<18>       |ALU_out<27>    |   13.909|
B_in<18>       |ALU_out<28>    |   13.790|
B_in<18>       |ALU_out<29>    |   14.849|
B_in<18>       |ALU_out<30>    |   13.259|
B_in<18>       |ALU_out<31>    |   14.080|
B_in<19>       |ALU_out<0>     |   13.666|
B_in<19>       |ALU_out<19>    |   12.457|
B_in<19>       |ALU_out<20>    |   12.735|
B_in<19>       |ALU_out<21>    |   13.800|
B_in<19>       |ALU_out<22>    |   12.634|
B_in<19>       |ALU_out<23>    |   12.354|
B_in<19>       |ALU_out<24>    |   12.992|
B_in<19>       |ALU_out<25>    |   13.736|
B_in<19>       |ALU_out<26>    |   13.238|
B_in<19>       |ALU_out<27>    |   13.580|
B_in<19>       |ALU_out<28>    |   13.461|
B_in<19>       |ALU_out<29>    |   14.520|
B_in<19>       |ALU_out<30>    |   12.930|
B_in<19>       |ALU_out<31>    |   13.751|
B_in<20>       |ALU_out<0>     |   14.254|
B_in<20>       |ALU_out<20>    |   12.349|
B_in<20>       |ALU_out<21>    |   13.588|
B_in<20>       |ALU_out<22>    |   12.694|
B_in<20>       |ALU_out<23>    |   12.414|
B_in<20>       |ALU_out<24>    |   13.052|
B_in<20>       |ALU_out<25>    |   13.796|
B_in<20>       |ALU_out<26>    |   13.298|
B_in<20>       |ALU_out<27>    |   13.640|
B_in<20>       |ALU_out<28>    |   13.521|
B_in<20>       |ALU_out<29>    |   14.580|
B_in<20>       |ALU_out<30>    |   12.990|
B_in<20>       |ALU_out<31>    |   13.811|
B_in<21>       |ALU_out<0>     |   14.339|
B_in<21>       |ALU_out<21>    |   13.041|
B_in<21>       |ALU_out<22>    |   12.396|
B_in<21>       |ALU_out<23>    |   12.116|
B_in<21>       |ALU_out<24>    |   12.754|
B_in<21>       |ALU_out<25>    |   13.498|
B_in<21>       |ALU_out<26>    |   13.000|
B_in<21>       |ALU_out<27>    |   13.342|
B_in<21>       |ALU_out<28>    |   13.223|
B_in<21>       |ALU_out<29>    |   14.282|
B_in<21>       |ALU_out<30>    |   12.692|
B_in<21>       |ALU_out<31>    |   13.513|
B_in<22>       |ALU_out<0>     |   13.729|
B_in<22>       |ALU_out<22>    |   11.358|
B_in<22>       |ALU_out<23>    |   11.252|
B_in<22>       |ALU_out<24>    |   12.162|
B_in<22>       |ALU_out<25>    |   12.906|
B_in<22>       |ALU_out<26>    |   12.408|
B_in<22>       |ALU_out<27>    |   12.750|
B_in<22>       |ALU_out<28>    |   12.631|
B_in<22>       |ALU_out<29>    |   13.690|
B_in<22>       |ALU_out<30>    |   12.100|
B_in<22>       |ALU_out<31>    |   12.921|
B_in<23>       |ALU_out<0>     |   13.138|
B_in<23>       |ALU_out<23>    |   12.359|
B_in<23>       |ALU_out<24>    |   13.518|
B_in<23>       |ALU_out<25>    |   14.262|
B_in<23>       |ALU_out<26>    |   13.764|
B_in<23>       |ALU_out<27>    |   14.106|
B_in<23>       |ALU_out<28>    |   13.987|
B_in<23>       |ALU_out<29>    |   15.046|
B_in<23>       |ALU_out<30>    |   13.456|
B_in<23>       |ALU_out<31>    |   14.277|
B_in<24>       |ALU_out<0>     |   13.814|
B_in<24>       |ALU_out<24>    |   12.604|
B_in<24>       |ALU_out<25>    |   13.522|
B_in<24>       |ALU_out<26>    |   13.296|
B_in<24>       |ALU_out<27>    |   13.638|
B_in<24>       |ALU_out<28>    |   13.519|
B_in<24>       |ALU_out<29>    |   14.578|
B_in<24>       |ALU_out<30>    |   12.988|
B_in<24>       |ALU_out<31>    |   13.809|
B_in<25>       |ALU_out<0>     |   14.492|
B_in<25>       |ALU_out<25>    |   12.938|
B_in<25>       |ALU_out<26>    |   12.961|
B_in<25>       |ALU_out<27>    |   13.303|
B_in<25>       |ALU_out<28>    |   13.184|
B_in<25>       |ALU_out<29>    |   14.243|
B_in<25>       |ALU_out<30>    |   12.653|
B_in<25>       |ALU_out<31>    |   13.474|
B_in<26>       |ALU_out<0>     |   14.448|
B_in<26>       |ALU_out<26>    |   12.575|
B_in<26>       |ALU_out<27>    |   13.091|
B_in<26>       |ALU_out<28>    |   13.244|
B_in<26>       |ALU_out<29>    |   14.303|
B_in<26>       |ALU_out<30>    |   12.713|
B_in<26>       |ALU_out<31>    |   13.534|
B_in<27>       |ALU_out<0>     |   13.887|
B_in<27>       |ALU_out<27>    |   12.138|
B_in<27>       |ALU_out<28>    |   12.540|
B_in<27>       |ALU_out<29>    |   13.599|
B_in<27>       |ALU_out<30>    |   12.009|
B_in<27>       |ALU_out<31>    |   12.830|
B_in<28>       |ALU_out<0>     |   14.390|
B_in<28>       |ALU_out<28>    |   12.782|
B_in<28>       |ALU_out<29>    |   14.015|
B_in<28>       |ALU_out<30>    |   12.697|
B_in<28>       |ALU_out<31>    |   13.518|
B_in<29>       |ALU_out<0>     |   13.884|
B_in<29>       |ALU_out<29>    |   13.250|
B_in<29>       |ALU_out<30>    |   12.181|
B_in<29>       |ALU_out<31>    |   13.002|
B_in<30>       |ALU_out<0>     |   13.366|
B_in<30>       |ALU_out<30>    |   11.482|
B_in<30>       |ALU_out<31>    |   12.477|
B_in<31>       |ALU_out<0>     |   14.009|
B_in<31>       |ALU_out<31>    |   12.136|
Funct<0>       |ALU_out<0>     |   13.917|
Funct<0>       |ALU_out<1>     |   13.979|
Funct<0>       |ALU_out<2>     |   14.202|
Funct<0>       |ALU_out<3>     |   14.583|
Funct<0>       |ALU_out<4>     |   13.500|
Funct<0>       |ALU_out<5>     |   15.026|
Funct<0>       |ALU_out<6>     |   14.642|
Funct<0>       |ALU_out<7>     |   15.144|
Funct<0>       |ALU_out<8>     |   15.275|
Funct<0>       |ALU_out<9>     |   15.136|
Funct<0>       |ALU_out<10>    |   14.805|
Funct<0>       |ALU_out<11>    |   14.780|
Funct<0>       |ALU_out<12>    |   14.827|
Funct<0>       |ALU_out<13>    |   14.470|
Funct<0>       |ALU_out<14>    |   14.296|
Funct<0>       |ALU_out<15>    |   14.725|
Funct<0>       |ALU_out<16>    |   14.168|
Funct<0>       |ALU_out<17>    |   15.139|
Funct<0>       |ALU_out<18>    |   15.045|
Funct<0>       |ALU_out<19>    |   14.996|
Funct<0>       |ALU_out<20>    |   14.753|
Funct<0>       |ALU_out<21>    |   15.818|
Funct<0>       |ALU_out<22>    |   14.652|
Funct<0>       |ALU_out<23>    |   14.372|
Funct<0>       |ALU_out<24>    |   15.010|
Funct<0>       |ALU_out<25>    |   15.754|
Funct<0>       |ALU_out<26>    |   15.256|
Funct<0>       |ALU_out<27>    |   15.598|
Funct<0>       |ALU_out<28>    |   15.479|
Funct<0>       |ALU_out<29>    |   16.538|
Funct<0>       |ALU_out<30>    |   14.948|
Funct<0>       |ALU_out<31>    |   15.769|
Funct<1>       |ALU_out<0>     |   13.882|
Funct<1>       |ALU_out<1>     |   13.944|
Funct<1>       |ALU_out<2>     |   14.167|
Funct<1>       |ALU_out<3>     |   14.548|
Funct<1>       |ALU_out<4>     |   13.465|
Funct<1>       |ALU_out<5>     |   14.991|
Funct<1>       |ALU_out<6>     |   14.607|
Funct<1>       |ALU_out<7>     |   15.109|
Funct<1>       |ALU_out<8>     |   15.240|
Funct<1>       |ALU_out<9>     |   15.101|
Funct<1>       |ALU_out<10>    |   14.770|
Funct<1>       |ALU_out<11>    |   14.745|
Funct<1>       |ALU_out<12>    |   14.792|
Funct<1>       |ALU_out<13>    |   14.435|
Funct<1>       |ALU_out<14>    |   14.261|
Funct<1>       |ALU_out<15>    |   14.690|
Funct<1>       |ALU_out<16>    |   14.133|
Funct<1>       |ALU_out<17>    |   15.104|
Funct<1>       |ALU_out<18>    |   15.010|
Funct<1>       |ALU_out<19>    |   14.961|
Funct<1>       |ALU_out<20>    |   14.718|
Funct<1>       |ALU_out<21>    |   15.783|
Funct<1>       |ALU_out<22>    |   14.617|
Funct<1>       |ALU_out<23>    |   14.337|
Funct<1>       |ALU_out<24>    |   14.975|
Funct<1>       |ALU_out<25>    |   15.719|
Funct<1>       |ALU_out<26>    |   15.221|
Funct<1>       |ALU_out<27>    |   15.563|
Funct<1>       |ALU_out<28>    |   15.444|
Funct<1>       |ALU_out<29>    |   16.503|
Funct<1>       |ALU_out<30>    |   14.913|
Funct<1>       |ALU_out<31>    |   15.734|
Funct<2>       |ALU_out<0>     |   14.043|
Funct<2>       |ALU_out<1>     |   14.105|
Funct<2>       |ALU_out<2>     |   14.328|
Funct<2>       |ALU_out<3>     |   14.709|
Funct<2>       |ALU_out<4>     |   13.626|
Funct<2>       |ALU_out<5>     |   15.152|
Funct<2>       |ALU_out<6>     |   14.768|
Funct<2>       |ALU_out<7>     |   15.270|
Funct<2>       |ALU_out<8>     |   15.401|
Funct<2>       |ALU_out<9>     |   15.262|
Funct<2>       |ALU_out<10>    |   14.931|
Funct<2>       |ALU_out<11>    |   14.906|
Funct<2>       |ALU_out<12>    |   14.953|
Funct<2>       |ALU_out<13>    |   14.596|
Funct<2>       |ALU_out<14>    |   14.422|
Funct<2>       |ALU_out<15>    |   14.851|
Funct<2>       |ALU_out<16>    |   14.294|
Funct<2>       |ALU_out<17>    |   15.265|
Funct<2>       |ALU_out<18>    |   15.171|
Funct<2>       |ALU_out<19>    |   15.122|
Funct<2>       |ALU_out<20>    |   14.879|
Funct<2>       |ALU_out<21>    |   15.944|
Funct<2>       |ALU_out<22>    |   14.778|
Funct<2>       |ALU_out<23>    |   14.498|
Funct<2>       |ALU_out<24>    |   15.136|
Funct<2>       |ALU_out<25>    |   15.880|
Funct<2>       |ALU_out<26>    |   15.382|
Funct<2>       |ALU_out<27>    |   15.724|
Funct<2>       |ALU_out<28>    |   15.605|
Funct<2>       |ALU_out<29>    |   16.664|
Funct<2>       |ALU_out<30>    |   15.074|
Funct<2>       |ALU_out<31>    |   15.895|
Funct<3>       |ALU_out<0>     |   13.853|
Funct<3>       |ALU_out<1>     |   13.915|
Funct<3>       |ALU_out<2>     |   14.138|
Funct<3>       |ALU_out<3>     |   14.519|
Funct<3>       |ALU_out<4>     |   13.436|
Funct<3>       |ALU_out<5>     |   14.962|
Funct<3>       |ALU_out<6>     |   14.578|
Funct<3>       |ALU_out<7>     |   15.080|
Funct<3>       |ALU_out<8>     |   15.211|
Funct<3>       |ALU_out<9>     |   15.072|
Funct<3>       |ALU_out<10>    |   14.741|
Funct<3>       |ALU_out<11>    |   14.716|
Funct<3>       |ALU_out<12>    |   14.763|
Funct<3>       |ALU_out<13>    |   14.406|
Funct<3>       |ALU_out<14>    |   14.232|
Funct<3>       |ALU_out<15>    |   14.661|
Funct<3>       |ALU_out<16>    |   14.104|
Funct<3>       |ALU_out<17>    |   15.075|
Funct<3>       |ALU_out<18>    |   14.981|
Funct<3>       |ALU_out<19>    |   14.932|
Funct<3>       |ALU_out<20>    |   14.689|
Funct<3>       |ALU_out<21>    |   15.754|
Funct<3>       |ALU_out<22>    |   14.588|
Funct<3>       |ALU_out<23>    |   14.308|
Funct<3>       |ALU_out<24>    |   14.946|
Funct<3>       |ALU_out<25>    |   15.690|
Funct<3>       |ALU_out<26>    |   15.192|
Funct<3>       |ALU_out<27>    |   15.534|
Funct<3>       |ALU_out<28>    |   15.415|
Funct<3>       |ALU_out<29>    |   16.474|
Funct<3>       |ALU_out<30>    |   14.884|
Funct<3>       |ALU_out<31>    |   15.705|
Funct<4>       |ALU_out<0>     |   13.263|
Funct<4>       |ALU_out<1>     |   13.325|
Funct<4>       |ALU_out<2>     |   13.548|
Funct<4>       |ALU_out<3>     |   13.929|
Funct<4>       |ALU_out<4>     |   12.846|
Funct<4>       |ALU_out<5>     |   14.372|
Funct<4>       |ALU_out<6>     |   13.988|
Funct<4>       |ALU_out<7>     |   14.490|
Funct<4>       |ALU_out<8>     |   14.621|
Funct<4>       |ALU_out<9>     |   14.482|
Funct<4>       |ALU_out<10>    |   14.151|
Funct<4>       |ALU_out<11>    |   14.126|
Funct<4>       |ALU_out<12>    |   14.173|
Funct<4>       |ALU_out<13>    |   13.816|
Funct<4>       |ALU_out<14>    |   13.642|
Funct<4>       |ALU_out<15>    |   14.071|
Funct<4>       |ALU_out<16>    |   13.514|
Funct<4>       |ALU_out<17>    |   14.485|
Funct<4>       |ALU_out<18>    |   14.391|
Funct<4>       |ALU_out<19>    |   14.342|
Funct<4>       |ALU_out<20>    |   14.099|
Funct<4>       |ALU_out<21>    |   15.164|
Funct<4>       |ALU_out<22>    |   13.998|
Funct<4>       |ALU_out<23>    |   13.718|
Funct<4>       |ALU_out<24>    |   14.356|
Funct<4>       |ALU_out<25>    |   15.100|
Funct<4>       |ALU_out<26>    |   14.602|
Funct<4>       |ALU_out<27>    |   14.944|
Funct<4>       |ALU_out<28>    |   14.825|
Funct<4>       |ALU_out<29>    |   15.884|
Funct<4>       |ALU_out<30>    |   14.294|
Funct<4>       |ALU_out<31>    |   15.115|
Funct<5>       |ALU_out<0>     |   13.169|
Funct<5>       |ALU_out<1>     |   13.231|
Funct<5>       |ALU_out<2>     |   13.454|
Funct<5>       |ALU_out<3>     |   13.835|
Funct<5>       |ALU_out<4>     |   12.752|
Funct<5>       |ALU_out<5>     |   14.278|
Funct<5>       |ALU_out<6>     |   13.894|
Funct<5>       |ALU_out<7>     |   14.396|
Funct<5>       |ALU_out<8>     |   14.527|
Funct<5>       |ALU_out<9>     |   14.388|
Funct<5>       |ALU_out<10>    |   14.057|
Funct<5>       |ALU_out<11>    |   14.032|
Funct<5>       |ALU_out<12>    |   14.079|
Funct<5>       |ALU_out<13>    |   13.722|
Funct<5>       |ALU_out<14>    |   13.548|
Funct<5>       |ALU_out<15>    |   13.977|
Funct<5>       |ALU_out<16>    |   13.420|
Funct<5>       |ALU_out<17>    |   14.391|
Funct<5>       |ALU_out<18>    |   14.297|
Funct<5>       |ALU_out<19>    |   14.248|
Funct<5>       |ALU_out<20>    |   14.005|
Funct<5>       |ALU_out<21>    |   15.070|
Funct<5>       |ALU_out<22>    |   13.904|
Funct<5>       |ALU_out<23>    |   13.624|
Funct<5>       |ALU_out<24>    |   14.262|
Funct<5>       |ALU_out<25>    |   15.006|
Funct<5>       |ALU_out<26>    |   14.508|
Funct<5>       |ALU_out<27>    |   14.850|
Funct<5>       |ALU_out<28>    |   14.731|
Funct<5>       |ALU_out<29>    |   15.790|
Funct<5>       |ALU_out<30>    |   14.200|
Funct<5>       |ALU_out<31>    |   15.021|
sext_imm<0>    |ALU_out<0>     |   16.271|
sext_imm<0>    |ALU_out<1>     |   14.677|
sext_imm<0>    |ALU_out<2>     |   15.226|
sext_imm<0>    |ALU_out<3>     |   15.607|
sext_imm<0>    |ALU_out<4>     |   14.524|
sext_imm<0>    |ALU_out<5>     |   16.050|
sext_imm<0>    |ALU_out<6>     |   15.595|
sext_imm<0>    |ALU_out<7>     |   16.097|
sext_imm<0>    |ALU_out<8>     |   16.228|
sext_imm<0>    |ALU_out<9>     |   16.089|
sext_imm<0>    |ALU_out<10>    |   15.758|
sext_imm<0>    |ALU_out<11>    |   15.733|
sext_imm<0>    |ALU_out<12>    |   15.780|
sext_imm<0>    |ALU_out<13>    |   15.423|
sext_imm<0>    |ALU_out<14>    |   15.249|
sext_imm<0>    |ALU_out<15>    |   15.678|
sext_imm<0>    |ALU_out<16>    |   15.121|
sext_imm<0>    |ALU_out<17>    |   16.092|
sext_imm<0>    |ALU_out<18>    |   15.998|
sext_imm<0>    |ALU_out<19>    |   15.949|
sext_imm<0>    |ALU_out<20>    |   15.706|
sext_imm<0>    |ALU_out<21>    |   16.771|
sext_imm<0>    |ALU_out<22>    |   15.605|
sext_imm<0>    |ALU_out<23>    |   15.325|
sext_imm<0>    |ALU_out<24>    |   15.963|
sext_imm<0>    |ALU_out<25>    |   16.707|
sext_imm<0>    |ALU_out<26>    |   16.209|
sext_imm<0>    |ALU_out<27>    |   16.551|
sext_imm<0>    |ALU_out<28>    |   16.432|
sext_imm<0>    |ALU_out<29>    |   17.491|
sext_imm<0>    |ALU_out<30>    |   15.901|
sext_imm<0>    |ALU_out<31>    |   16.722|
sext_imm<1>    |ALU_out<0>     |   16.035|
sext_imm<1>    |ALU_out<1>     |   14.624|
sext_imm<1>    |ALU_out<2>     |   15.422|
sext_imm<1>    |ALU_out<3>     |   15.803|
sext_imm<1>    |ALU_out<4>     |   14.720|
sext_imm<1>    |ALU_out<5>     |   16.246|
sext_imm<1>    |ALU_out<6>     |   15.791|
sext_imm<1>    |ALU_out<7>     |   16.293|
sext_imm<1>    |ALU_out<8>     |   16.424|
sext_imm<1>    |ALU_out<9>     |   16.285|
sext_imm<1>    |ALU_out<10>    |   15.954|
sext_imm<1>    |ALU_out<11>    |   15.929|
sext_imm<1>    |ALU_out<12>    |   15.976|
sext_imm<1>    |ALU_out<13>    |   15.619|
sext_imm<1>    |ALU_out<14>    |   15.445|
sext_imm<1>    |ALU_out<15>    |   15.874|
sext_imm<1>    |ALU_out<16>    |   15.317|
sext_imm<1>    |ALU_out<17>    |   16.288|
sext_imm<1>    |ALU_out<18>    |   16.194|
sext_imm<1>    |ALU_out<19>    |   16.145|
sext_imm<1>    |ALU_out<20>    |   15.902|
sext_imm<1>    |ALU_out<21>    |   16.967|
sext_imm<1>    |ALU_out<22>    |   15.801|
sext_imm<1>    |ALU_out<23>    |   15.521|
sext_imm<1>    |ALU_out<24>    |   16.159|
sext_imm<1>    |ALU_out<25>    |   16.903|
sext_imm<1>    |ALU_out<26>    |   16.405|
sext_imm<1>    |ALU_out<27>    |   16.747|
sext_imm<1>    |ALU_out<28>    |   16.628|
sext_imm<1>    |ALU_out<29>    |   17.687|
sext_imm<1>    |ALU_out<30>    |   16.097|
sext_imm<1>    |ALU_out<31>    |   16.918|
sext_imm<2>    |ALU_out<0>     |   16.831|
sext_imm<2>    |ALU_out<2>     |   14.295|
sext_imm<2>    |ALU_out<3>     |   14.850|
sext_imm<2>    |ALU_out<4>     |   14.039|
sext_imm<2>    |ALU_out<5>     |   15.565|
sext_imm<2>    |ALU_out<6>     |   15.110|
sext_imm<2>    |ALU_out<7>     |   15.612|
sext_imm<2>    |ALU_out<8>     |   15.743|
sext_imm<2>    |ALU_out<9>     |   15.604|
sext_imm<2>    |ALU_out<10>    |   15.273|
sext_imm<2>    |ALU_out<11>    |   15.248|
sext_imm<2>    |ALU_out<12>    |   15.295|
sext_imm<2>    |ALU_out<13>    |   14.938|
sext_imm<2>    |ALU_out<14>    |   14.764|
sext_imm<2>    |ALU_out<15>    |   15.193|
sext_imm<2>    |ALU_out<16>    |   14.636|
sext_imm<2>    |ALU_out<17>    |   15.607|
sext_imm<2>    |ALU_out<18>    |   15.513|
sext_imm<2>    |ALU_out<19>    |   15.464|
sext_imm<2>    |ALU_out<20>    |   15.221|
sext_imm<2>    |ALU_out<21>    |   16.286|
sext_imm<2>    |ALU_out<22>    |   15.120|
sext_imm<2>    |ALU_out<23>    |   14.840|
sext_imm<2>    |ALU_out<24>    |   15.478|
sext_imm<2>    |ALU_out<25>    |   16.222|
sext_imm<2>    |ALU_out<26>    |   15.724|
sext_imm<2>    |ALU_out<27>    |   16.066|
sext_imm<2>    |ALU_out<28>    |   15.947|
sext_imm<2>    |ALU_out<29>    |   17.006|
sext_imm<2>    |ALU_out<30>    |   15.416|
sext_imm<2>    |ALU_out<31>    |   16.237|
sext_imm<3>    |ALU_out<0>     |   16.399|
sext_imm<3>    |ALU_out<3>     |   14.418|
sext_imm<3>    |ALU_out<4>     |   13.856|
sext_imm<3>    |ALU_out<5>     |   15.382|
sext_imm<3>    |ALU_out<6>     |   14.927|
sext_imm<3>    |ALU_out<7>     |   15.429|
sext_imm<3>    |ALU_out<8>     |   15.560|
sext_imm<3>    |ALU_out<9>     |   15.421|
sext_imm<3>    |ALU_out<10>    |   15.090|
sext_imm<3>    |ALU_out<11>    |   15.065|
sext_imm<3>    |ALU_out<12>    |   15.112|
sext_imm<3>    |ALU_out<13>    |   14.755|
sext_imm<3>    |ALU_out<14>    |   14.581|
sext_imm<3>    |ALU_out<15>    |   15.010|
sext_imm<3>    |ALU_out<16>    |   14.453|
sext_imm<3>    |ALU_out<17>    |   15.424|
sext_imm<3>    |ALU_out<18>    |   15.330|
sext_imm<3>    |ALU_out<19>    |   15.281|
sext_imm<3>    |ALU_out<20>    |   15.038|
sext_imm<3>    |ALU_out<21>    |   16.103|
sext_imm<3>    |ALU_out<22>    |   14.937|
sext_imm<3>    |ALU_out<23>    |   14.657|
sext_imm<3>    |ALU_out<24>    |   15.295|
sext_imm<3>    |ALU_out<25>    |   16.039|
sext_imm<3>    |ALU_out<26>    |   15.541|
sext_imm<3>    |ALU_out<27>    |   15.883|
sext_imm<3>    |ALU_out<28>    |   15.764|
sext_imm<3>    |ALU_out<29>    |   16.823|
sext_imm<3>    |ALU_out<30>    |   15.233|
sext_imm<3>    |ALU_out<31>    |   16.054|
sext_imm<4>    |ALU_out<0>     |   16.009|
sext_imm<4>    |ALU_out<4>     |   13.477|
sext_imm<4>    |ALU_out<5>     |   15.177|
sext_imm<4>    |ALU_out<6>     |   14.994|
sext_imm<4>    |ALU_out<7>     |   15.496|
sext_imm<4>    |ALU_out<8>     |   15.627|
sext_imm<4>    |ALU_out<9>     |   15.488|
sext_imm<4>    |ALU_out<10>    |   15.157|
sext_imm<4>    |ALU_out<11>    |   15.132|
sext_imm<4>    |ALU_out<12>    |   15.179|
sext_imm<4>    |ALU_out<13>    |   14.822|
sext_imm<4>    |ALU_out<14>    |   14.648|
sext_imm<4>    |ALU_out<15>    |   15.077|
sext_imm<4>    |ALU_out<16>    |   14.520|
sext_imm<4>    |ALU_out<17>    |   15.491|
sext_imm<4>    |ALU_out<18>    |   15.397|
sext_imm<4>    |ALU_out<19>    |   15.348|
sext_imm<4>    |ALU_out<20>    |   15.105|
sext_imm<4>    |ALU_out<21>    |   16.170|
sext_imm<4>    |ALU_out<22>    |   15.004|
sext_imm<4>    |ALU_out<23>    |   14.724|
sext_imm<4>    |ALU_out<24>    |   15.362|
sext_imm<4>    |ALU_out<25>    |   16.106|
sext_imm<4>    |ALU_out<26>    |   15.608|
sext_imm<4>    |ALU_out<27>    |   15.950|
sext_imm<4>    |ALU_out<28>    |   15.831|
sext_imm<4>    |ALU_out<29>    |   16.890|
sext_imm<4>    |ALU_out<30>    |   15.300|
sext_imm<4>    |ALU_out<31>    |   16.121|
sext_imm<5>    |ALU_out<0>     |   15.509|
sext_imm<5>    |ALU_out<5>     |   15.042|
sext_imm<5>    |ALU_out<6>     |   15.108|
sext_imm<5>    |ALU_out<7>     |   15.610|
sext_imm<5>    |ALU_out<8>     |   15.741|
sext_imm<5>    |ALU_out<9>     |   15.602|
sext_imm<5>    |ALU_out<10>    |   15.271|
sext_imm<5>    |ALU_out<11>    |   15.246|
sext_imm<5>    |ALU_out<12>    |   15.293|
sext_imm<5>    |ALU_out<13>    |   14.936|
sext_imm<5>    |ALU_out<14>    |   14.762|
sext_imm<5>    |ALU_out<15>    |   15.191|
sext_imm<5>    |ALU_out<16>    |   14.634|
sext_imm<5>    |ALU_out<17>    |   15.605|
sext_imm<5>    |ALU_out<18>    |   15.511|
sext_imm<5>    |ALU_out<19>    |   15.462|
sext_imm<5>    |ALU_out<20>    |   15.219|
sext_imm<5>    |ALU_out<21>    |   16.284|
sext_imm<5>    |ALU_out<22>    |   15.118|
sext_imm<5>    |ALU_out<23>    |   14.838|
sext_imm<5>    |ALU_out<24>    |   15.476|
sext_imm<5>    |ALU_out<25>    |   16.220|
sext_imm<5>    |ALU_out<26>    |   15.722|
sext_imm<5>    |ALU_out<27>    |   16.064|
sext_imm<5>    |ALU_out<28>    |   15.945|
sext_imm<5>    |ALU_out<29>    |   17.004|
sext_imm<5>    |ALU_out<30>    |   15.414|
sext_imm<5>    |ALU_out<31>    |   16.235|
sext_imm<6>    |ALU_out<0>     |   15.987|
sext_imm<6>    |ALU_out<6>     |   14.805|
sext_imm<6>    |ALU_out<7>     |   15.481|
sext_imm<6>    |ALU_out<8>     |   15.884|
sext_imm<6>    |ALU_out<9>     |   15.745|
sext_imm<6>    |ALU_out<10>    |   15.414|
sext_imm<6>    |ALU_out<11>    |   15.389|
sext_imm<6>    |ALU_out<12>    |   15.436|
sext_imm<6>    |ALU_out<13>    |   15.079|
sext_imm<6>    |ALU_out<14>    |   14.905|
sext_imm<6>    |ALU_out<15>    |   15.334|
sext_imm<6>    |ALU_out<16>    |   14.777|
sext_imm<6>    |ALU_out<17>    |   15.748|
sext_imm<6>    |ALU_out<18>    |   15.654|
sext_imm<6>    |ALU_out<19>    |   15.605|
sext_imm<6>    |ALU_out<20>    |   15.362|
sext_imm<6>    |ALU_out<21>    |   16.427|
sext_imm<6>    |ALU_out<22>    |   15.261|
sext_imm<6>    |ALU_out<23>    |   14.981|
sext_imm<6>    |ALU_out<24>    |   15.619|
sext_imm<6>    |ALU_out<25>    |   16.363|
sext_imm<6>    |ALU_out<26>    |   15.865|
sext_imm<6>    |ALU_out<27>    |   16.207|
sext_imm<6>    |ALU_out<28>    |   16.088|
sext_imm<6>    |ALU_out<29>    |   17.147|
sext_imm<6>    |ALU_out<30>    |   15.557|
sext_imm<6>    |ALU_out<31>    |   16.378|
sext_imm<7>    |ALU_out<0>     |   16.189|
sext_imm<7>    |ALU_out<7>     |   15.081|
sext_imm<7>    |ALU_out<8>     |   15.733|
sext_imm<7>    |ALU_out<9>     |   15.594|
sext_imm<7>    |ALU_out<10>    |   15.263|
sext_imm<7>    |ALU_out<11>    |   15.238|
sext_imm<7>    |ALU_out<12>    |   15.285|
sext_imm<7>    |ALU_out<13>    |   14.928|
sext_imm<7>    |ALU_out<14>    |   14.754|
sext_imm<7>    |ALU_out<15>    |   15.183|
sext_imm<7>    |ALU_out<16>    |   14.626|
sext_imm<7>    |ALU_out<17>    |   15.597|
sext_imm<7>    |ALU_out<18>    |   15.503|
sext_imm<7>    |ALU_out<19>    |   15.454|
sext_imm<7>    |ALU_out<20>    |   15.211|
sext_imm<7>    |ALU_out<21>    |   16.276|
sext_imm<7>    |ALU_out<22>    |   15.110|
sext_imm<7>    |ALU_out<23>    |   14.830|
sext_imm<7>    |ALU_out<24>    |   15.468|
sext_imm<7>    |ALU_out<25>    |   16.212|
sext_imm<7>    |ALU_out<26>    |   15.714|
sext_imm<7>    |ALU_out<27>    |   16.056|
sext_imm<7>    |ALU_out<28>    |   15.937|
sext_imm<7>    |ALU_out<29>    |   16.996|
sext_imm<7>    |ALU_out<30>    |   15.406|
sext_imm<7>    |ALU_out<31>    |   16.227|
sext_imm<8>    |ALU_out<0>     |   16.060|
sext_imm<8>    |ALU_out<8>     |   15.259|
sext_imm<8>    |ALU_out<9>     |   15.294|
sext_imm<8>    |ALU_out<10>    |   15.235|
sext_imm<8>    |ALU_out<11>    |   15.210|
sext_imm<8>    |ALU_out<12>    |   15.257|
sext_imm<8>    |ALU_out<13>    |   14.900|
sext_imm<8>    |ALU_out<14>    |   14.726|
sext_imm<8>    |ALU_out<15>    |   15.155|
sext_imm<8>    |ALU_out<16>    |   14.598|
sext_imm<8>    |ALU_out<17>    |   15.569|
sext_imm<8>    |ALU_out<18>    |   15.475|
sext_imm<8>    |ALU_out<19>    |   15.426|
sext_imm<8>    |ALU_out<20>    |   15.183|
sext_imm<8>    |ALU_out<21>    |   16.248|
sext_imm<8>    |ALU_out<22>    |   15.082|
sext_imm<8>    |ALU_out<23>    |   14.802|
sext_imm<8>    |ALU_out<24>    |   15.440|
sext_imm<8>    |ALU_out<25>    |   16.184|
sext_imm<8>    |ALU_out<26>    |   15.686|
sext_imm<8>    |ALU_out<27>    |   16.028|
sext_imm<8>    |ALU_out<28>    |   15.909|
sext_imm<8>    |ALU_out<29>    |   16.968|
sext_imm<8>    |ALU_out<30>    |   15.378|
sext_imm<8>    |ALU_out<31>    |   16.199|
sext_imm<9>    |ALU_out<0>     |   14.976|
sext_imm<9>    |ALU_out<9>     |   14.301|
sext_imm<9>    |ALU_out<10>    |   14.491|
sext_imm<9>    |ALU_out<11>    |   14.466|
sext_imm<9>    |ALU_out<12>    |   14.513|
sext_imm<9>    |ALU_out<13>    |   14.156|
sext_imm<9>    |ALU_out<14>    |   13.982|
sext_imm<9>    |ALU_out<15>    |   14.411|
sext_imm<9>    |ALU_out<16>    |   13.854|
sext_imm<9>    |ALU_out<17>    |   14.825|
sext_imm<9>    |ALU_out<18>    |   14.731|
sext_imm<9>    |ALU_out<19>    |   14.682|
sext_imm<9>    |ALU_out<20>    |   14.439|
sext_imm<9>    |ALU_out<21>    |   15.504|
sext_imm<9>    |ALU_out<22>    |   14.338|
sext_imm<9>    |ALU_out<23>    |   14.058|
sext_imm<9>    |ALU_out<24>    |   14.696|
sext_imm<9>    |ALU_out<25>    |   15.440|
sext_imm<9>    |ALU_out<26>    |   14.942|
sext_imm<9>    |ALU_out<27>    |   15.284|
sext_imm<9>    |ALU_out<28>    |   15.165|
sext_imm<9>    |ALU_out<29>    |   16.224|
sext_imm<9>    |ALU_out<30>    |   14.634|
sext_imm<9>    |ALU_out<31>    |   15.455|
sext_imm<10>   |ALU_out<0>     |   16.500|
sext_imm<10>   |ALU_out<10>    |   14.199|
sext_imm<10>   |ALU_out<11>    |   14.348|
sext_imm<10>   |ALU_out<12>    |   14.667|
sext_imm<10>   |ALU_out<13>    |   14.310|
sext_imm<10>   |ALU_out<14>    |   14.136|
sext_imm<10>   |ALU_out<15>    |   14.565|
sext_imm<10>   |ALU_out<16>    |   14.008|
sext_imm<10>   |ALU_out<17>    |   14.979|
sext_imm<10>   |ALU_out<18>    |   14.885|
sext_imm<10>   |ALU_out<19>    |   14.836|
sext_imm<10>   |ALU_out<20>    |   14.593|
sext_imm<10>   |ALU_out<21>    |   15.658|
sext_imm<10>   |ALU_out<22>    |   14.492|
sext_imm<10>   |ALU_out<23>    |   14.212|
sext_imm<10>   |ALU_out<24>    |   14.850|
sext_imm<10>   |ALU_out<25>    |   15.594|
sext_imm<10>   |ALU_out<26>    |   15.096|
sext_imm<10>   |ALU_out<27>    |   15.438|
sext_imm<10>   |ALU_out<28>    |   15.319|
sext_imm<10>   |ALU_out<29>    |   16.378|
sext_imm<10>   |ALU_out<30>    |   14.788|
sext_imm<10>   |ALU_out<31>    |   15.609|
sext_imm<11>   |ALU_out<0>     |   16.029|
sext_imm<11>   |ALU_out<11>    |   14.498|
sext_imm<11>   |ALU_out<12>    |   15.066|
sext_imm<11>   |ALU_out<13>    |   14.709|
sext_imm<11>   |ALU_out<14>    |   14.535|
sext_imm<11>   |ALU_out<15>    |   14.964|
sext_imm<11>   |ALU_out<16>    |   14.407|
sext_imm<11>   |ALU_out<17>    |   15.378|
sext_imm<11>   |ALU_out<18>    |   15.284|
sext_imm<11>   |ALU_out<19>    |   15.235|
sext_imm<11>   |ALU_out<20>    |   14.992|
sext_imm<11>   |ALU_out<21>    |   16.057|
sext_imm<11>   |ALU_out<22>    |   14.891|
sext_imm<11>   |ALU_out<23>    |   14.611|
sext_imm<11>   |ALU_out<24>    |   15.249|
sext_imm<11>   |ALU_out<25>    |   15.993|
sext_imm<11>   |ALU_out<26>    |   15.495|
sext_imm<11>   |ALU_out<27>    |   15.837|
sext_imm<11>   |ALU_out<28>    |   15.718|
sext_imm<11>   |ALU_out<29>    |   16.777|
sext_imm<11>   |ALU_out<30>    |   15.187|
sext_imm<11>   |ALU_out<31>    |   16.008|
sext_imm<12>   |ALU_out<0>     |   14.574|
sext_imm<12>   |ALU_out<12>    |   13.614|
sext_imm<12>   |ALU_out<13>    |   13.431|
sext_imm<12>   |ALU_out<14>    |   13.529|
sext_imm<12>   |ALU_out<15>    |   13.958|
sext_imm<12>   |ALU_out<16>    |   13.401|
sext_imm<12>   |ALU_out<17>    |   14.372|
sext_imm<12>   |ALU_out<18>    |   14.278|
sext_imm<12>   |ALU_out<19>    |   14.229|
sext_imm<12>   |ALU_out<20>    |   13.986|
sext_imm<12>   |ALU_out<21>    |   15.051|
sext_imm<12>   |ALU_out<22>    |   13.885|
sext_imm<12>   |ALU_out<23>    |   13.605|
sext_imm<12>   |ALU_out<24>    |   14.243|
sext_imm<12>   |ALU_out<25>    |   14.987|
sext_imm<12>   |ALU_out<26>    |   14.489|
sext_imm<12>   |ALU_out<27>    |   14.831|
sext_imm<12>   |ALU_out<28>    |   14.712|
sext_imm<12>   |ALU_out<29>    |   15.771|
sext_imm<12>   |ALU_out<30>    |   14.181|
sext_imm<12>   |ALU_out<31>    |   15.002|
sext_imm<13>   |ALU_out<0>     |   15.616|
sext_imm<13>   |ALU_out<13>    |   13.146|
sext_imm<13>   |ALU_out<14>    |   13.493|
sext_imm<13>   |ALU_out<15>    |   13.922|
sext_imm<13>   |ALU_out<16>    |   13.365|
sext_imm<13>   |ALU_out<17>    |   14.336|
sext_imm<13>   |ALU_out<18>    |   14.242|
sext_imm<13>   |ALU_out<19>    |   14.193|
sext_imm<13>   |ALU_out<20>    |   13.950|
sext_imm<13>   |ALU_out<21>    |   15.015|
sext_imm<13>   |ALU_out<22>    |   13.849|
sext_imm<13>   |ALU_out<23>    |   13.569|
sext_imm<13>   |ALU_out<24>    |   14.207|
sext_imm<13>   |ALU_out<25>    |   14.951|
sext_imm<13>   |ALU_out<26>    |   14.453|
sext_imm<13>   |ALU_out<27>    |   14.795|
sext_imm<13>   |ALU_out<28>    |   14.676|
sext_imm<13>   |ALU_out<29>    |   15.735|
sext_imm<13>   |ALU_out<30>    |   14.145|
sext_imm<13>   |ALU_out<31>    |   14.966|
sext_imm<14>   |ALU_out<0>     |   15.612|
sext_imm<14>   |ALU_out<14>    |   13.475|
sext_imm<14>   |ALU_out<15>    |   14.078|
sext_imm<14>   |ALU_out<16>    |   13.793|
sext_imm<14>   |ALU_out<17>    |   14.764|
sext_imm<14>   |ALU_out<18>    |   14.670|
sext_imm<14>   |ALU_out<19>    |   14.621|
sext_imm<14>   |ALU_out<20>    |   14.378|
sext_imm<14>   |ALU_out<21>    |   15.443|
sext_imm<14>   |ALU_out<22>    |   14.277|
sext_imm<14>   |ALU_out<23>    |   13.997|
sext_imm<14>   |ALU_out<24>    |   14.635|
sext_imm<14>   |ALU_out<25>    |   15.379|
sext_imm<14>   |ALU_out<26>    |   14.881|
sext_imm<14>   |ALU_out<27>    |   15.223|
sext_imm<14>   |ALU_out<28>    |   15.104|
sext_imm<14>   |ALU_out<29>    |   16.163|
sext_imm<14>   |ALU_out<30>    |   14.573|
sext_imm<14>   |ALU_out<31>    |   15.394|
sext_imm<15>   |ALU_out<0>     |   14.335|
sext_imm<15>   |ALU_out<15>    |   13.265|
sext_imm<15>   |ALU_out<16>    |   13.229|
sext_imm<15>   |ALU_out<17>    |   14.200|
sext_imm<15>   |ALU_out<18>    |   14.106|
sext_imm<15>   |ALU_out<19>    |   14.057|
sext_imm<15>   |ALU_out<20>    |   13.814|
sext_imm<15>   |ALU_out<21>    |   14.879|
sext_imm<15>   |ALU_out<22>    |   13.713|
sext_imm<15>   |ALU_out<23>    |   13.433|
sext_imm<15>   |ALU_out<24>    |   14.071|
sext_imm<15>   |ALU_out<25>    |   14.815|
sext_imm<15>   |ALU_out<26>    |   14.317|
sext_imm<15>   |ALU_out<27>    |   14.659|
sext_imm<15>   |ALU_out<28>    |   14.540|
sext_imm<15>   |ALU_out<29>    |   15.599|
sext_imm<15>   |ALU_out<30>    |   14.009|
sext_imm<15>   |ALU_out<31>    |   14.830|
sext_imm<16>   |ALU_out<0>     |   14.582|
sext_imm<16>   |ALU_out<16>    |   12.424|
sext_imm<16>   |ALU_out<17>    |   13.569|
sext_imm<16>   |ALU_out<18>    |   13.747|
sext_imm<16>   |ALU_out<19>    |   13.698|
sext_imm<16>   |ALU_out<20>    |   13.455|
sext_imm<16>   |ALU_out<21>    |   14.520|
sext_imm<16>   |ALU_out<22>    |   13.354|
sext_imm<16>   |ALU_out<23>    |   13.074|
sext_imm<16>   |ALU_out<24>    |   13.712|
sext_imm<16>   |ALU_out<25>    |   14.456|
sext_imm<16>   |ALU_out<26>    |   13.958|
sext_imm<16>   |ALU_out<27>    |   14.300|
sext_imm<16>   |ALU_out<28>    |   14.181|
sext_imm<16>   |ALU_out<29>    |   15.240|
sext_imm<16>   |ALU_out<30>    |   13.650|
sext_imm<16>   |ALU_out<31>    |   14.471|
sext_imm<17>   |ALU_out<0>     |   15.017|
sext_imm<17>   |ALU_out<17>    |   13.448|
sext_imm<17>   |ALU_out<18>    |   13.875|
sext_imm<17>   |ALU_out<19>    |   13.826|
sext_imm<17>   |ALU_out<20>    |   13.583|
sext_imm<17>   |ALU_out<21>    |   14.648|
sext_imm<17>   |ALU_out<22>    |   13.482|
sext_imm<17>   |ALU_out<23>    |   13.202|
sext_imm<17>   |ALU_out<24>    |   13.840|
sext_imm<17>   |ALU_out<25>    |   14.584|
sext_imm<17>   |ALU_out<26>    |   14.086|
sext_imm<17>   |ALU_out<27>    |   14.428|
sext_imm<17>   |ALU_out<28>    |   14.309|
sext_imm<17>   |ALU_out<29>    |   15.368|
sext_imm<17>   |ALU_out<30>    |   13.778|
sext_imm<17>   |ALU_out<31>    |   14.599|
sext_imm<18>   |ALU_out<0>     |   13.850|
sext_imm<18>   |ALU_out<18>    |   13.499|
sext_imm<18>   |ALU_out<19>    |   13.624|
sext_imm<18>   |ALU_out<20>    |   13.653|
sext_imm<18>   |ALU_out<21>    |   14.718|
sext_imm<18>   |ALU_out<22>    |   13.552|
sext_imm<18>   |ALU_out<23>    |   13.272|
sext_imm<18>   |ALU_out<24>    |   13.910|
sext_imm<18>   |ALU_out<25>    |   14.654|
sext_imm<18>   |ALU_out<26>    |   14.156|
sext_imm<18>   |ALU_out<27>    |   14.498|
sext_imm<18>   |ALU_out<28>    |   14.379|
sext_imm<18>   |ALU_out<29>    |   15.438|
sext_imm<18>   |ALU_out<30>    |   13.848|
sext_imm<18>   |ALU_out<31>    |   14.669|
sext_imm<19>   |ALU_out<0>     |   14.924|
sext_imm<19>   |ALU_out<19>    |   13.101|
sext_imm<19>   |ALU_out<20>    |   13.379|
sext_imm<19>   |ALU_out<21>    |   14.444|
sext_imm<19>   |ALU_out<22>    |   13.278|
sext_imm<19>   |ALU_out<23>    |   12.998|
sext_imm<19>   |ALU_out<24>    |   13.636|
sext_imm<19>   |ALU_out<25>    |   14.380|
sext_imm<19>   |ALU_out<26>    |   13.882|
sext_imm<19>   |ALU_out<27>    |   14.224|
sext_imm<19>   |ALU_out<28>    |   14.105|
sext_imm<19>   |ALU_out<29>    |   15.164|
sext_imm<19>   |ALU_out<30>    |   13.574|
sext_imm<19>   |ALU_out<31>    |   14.395|
sext_imm<20>   |ALU_out<0>     |   14.943|
sext_imm<20>   |ALU_out<20>    |   12.963|
sext_imm<20>   |ALU_out<21>    |   14.202|
sext_imm<20>   |ALU_out<22>    |   13.308|
sext_imm<20>   |ALU_out<23>    |   13.028|
sext_imm<20>   |ALU_out<24>    |   13.666|
sext_imm<20>   |ALU_out<25>    |   14.410|
sext_imm<20>   |ALU_out<26>    |   13.912|
sext_imm<20>   |ALU_out<27>    |   14.254|
sext_imm<20>   |ALU_out<28>    |   14.135|
sext_imm<20>   |ALU_out<29>    |   15.194|
sext_imm<20>   |ALU_out<30>    |   13.604|
sext_imm<20>   |ALU_out<31>    |   14.425|
sext_imm<21>   |ALU_out<0>     |   14.238|
sext_imm<21>   |ALU_out<21>    |   13.756|
sext_imm<21>   |ALU_out<22>    |   13.111|
sext_imm<21>   |ALU_out<23>    |   12.831|
sext_imm<21>   |ALU_out<24>    |   13.469|
sext_imm<21>   |ALU_out<25>    |   14.213|
sext_imm<21>   |ALU_out<26>    |   13.715|
sext_imm<21>   |ALU_out<27>    |   14.057|
sext_imm<21>   |ALU_out<28>    |   13.938|
sext_imm<21>   |ALU_out<29>    |   14.997|
sext_imm<21>   |ALU_out<30>    |   13.407|
sext_imm<21>   |ALU_out<31>    |   14.228|
sext_imm<22>   |ALU_out<0>     |   13.621|
sext_imm<22>   |ALU_out<22>    |   11.986|
sext_imm<22>   |ALU_out<23>    |   11.880|
sext_imm<22>   |ALU_out<24>    |   12.790|
sext_imm<22>   |ALU_out<25>    |   13.534|
sext_imm<22>   |ALU_out<26>    |   13.036|
sext_imm<22>   |ALU_out<27>    |   13.378|
sext_imm<22>   |ALU_out<28>    |   13.259|
sext_imm<22>   |ALU_out<29>    |   14.318|
sext_imm<22>   |ALU_out<30>    |   12.728|
sext_imm<22>   |ALU_out<31>    |   13.549|
sext_imm<23>   |ALU_out<0>     |   13.961|
sext_imm<23>   |ALU_out<23>    |   12.356|
sext_imm<23>   |ALU_out<24>    |   13.515|
sext_imm<23>   |ALU_out<25>    |   14.259|
sext_imm<23>   |ALU_out<26>    |   13.761|
sext_imm<23>   |ALU_out<27>    |   14.103|
sext_imm<23>   |ALU_out<28>    |   13.984|
sext_imm<23>   |ALU_out<29>    |   15.043|
sext_imm<23>   |ALU_out<30>    |   13.453|
sext_imm<23>   |ALU_out<31>    |   14.274|
sext_imm<24>   |ALU_out<0>     |   14.632|
sext_imm<24>   |ALU_out<24>    |   12.578|
sext_imm<24>   |ALU_out<25>    |   13.496|
sext_imm<24>   |ALU_out<26>    |   13.270|
sext_imm<24>   |ALU_out<27>    |   13.612|
sext_imm<24>   |ALU_out<28>    |   13.493|
sext_imm<24>   |ALU_out<29>    |   14.552|
sext_imm<24>   |ALU_out<30>    |   12.962|
sext_imm<24>   |ALU_out<31>    |   13.783|
sext_imm<25>   |ALU_out<0>     |   14.592|
sext_imm<25>   |ALU_out<25>    |   13.287|
sext_imm<25>   |ALU_out<26>    |   13.310|
sext_imm<25>   |ALU_out<27>    |   13.652|
sext_imm<25>   |ALU_out<28>    |   13.533|
sext_imm<25>   |ALU_out<29>    |   14.592|
sext_imm<25>   |ALU_out<30>    |   13.002|
sext_imm<25>   |ALU_out<31>    |   13.823|
sext_imm<26>   |ALU_out<0>     |   13.954|
sext_imm<26>   |ALU_out<26>    |   12.604|
sext_imm<26>   |ALU_out<27>    |   13.120|
sext_imm<26>   |ALU_out<28>    |   13.273|
sext_imm<26>   |ALU_out<29>    |   14.332|
sext_imm<26>   |ALU_out<30>    |   12.742|
sext_imm<26>   |ALU_out<31>    |   13.563|
sext_imm<27>   |ALU_out<0>     |   13.618|
sext_imm<27>   |ALU_out<27>    |   13.021|
sext_imm<27>   |ALU_out<28>    |   13.423|
sext_imm<27>   |ALU_out<29>    |   14.482|
sext_imm<27>   |ALU_out<30>    |   12.892|
sext_imm<27>   |ALU_out<31>    |   13.713|
sext_imm<28>   |ALU_out<0>     |   13.967|
sext_imm<28>   |ALU_out<28>    |   13.091|
sext_imm<28>   |ALU_out<29>    |   14.324|
sext_imm<28>   |ALU_out<30>    |   13.006|
sext_imm<28>   |ALU_out<31>    |   13.827|
sext_imm<29>   |ALU_out<0>     |   13.973|
sext_imm<29>   |ALU_out<29>    |   13.611|
sext_imm<29>   |ALU_out<30>    |   12.542|
sext_imm<29>   |ALU_out<31>    |   13.363|
sext_imm<30>   |ALU_out<0>     |   13.032|
sext_imm<30>   |ALU_out<30>    |   11.616|
sext_imm<30>   |ALU_out<31>    |   12.611|
sext_imm<31>   |ALU_out<0>     |   13.518|
sext_imm<31>   |ALU_out<31>    |   12.306|
---------------+---------------+---------+


Analysis completed Sun May 10 20:01:01 2015 
--------------------------------------------------------------------------------

Trace Settings:
-------------------------
Trace Settings 

Peak Memory Usage: 164 MB



